2024-01-10 16:57:54,091 INFO    StreamThr :2613522 [internal.py:wandb_internal():86] W&B internal server running at pid: 2613522, started at: 2024-01-10 16:57:54.090127
2024-01-10 16:57:54,092 DEBUG   HandlerThread:2613522 [handler.py:handle_request():146] handle_request: status
2024-01-10 16:57:54,093 INFO    WriterThread:2613522 [datastore.py:open_for_write():85] open: /home/shangjian/code/Research/Multimodal & LLM/SLM/wandb/run-20240110_165754-wos2c4sd/run-wos2c4sd.wandb
2024-01-10 16:57:54,094 DEBUG   SenderThread:2613522 [sender.py:send():380] send: header
2024-01-10 16:57:54,249 DEBUG   SenderThread:2613522 [sender.py:send():380] send: run
2024-01-10 16:57:55,156 DEBUG   HandlerThread:2613522 [handler.py:handle_request():146] handle_request: check_version
2024-01-10 16:57:55,207 INFO    SenderThread:2613522 [dir_watcher.py:__init__():211] watching files in: /home/shangjian/code/Research/Multimodal & LLM/SLM/wandb/run-20240110_165754-wos2c4sd/files
2024-01-10 16:57:55,207 INFO    SenderThread:2613522 [sender.py:_start_run_threads():1122] run started: wos2c4sd with start time 1704877074.090268
2024-01-10 16:57:55,207 DEBUG   SenderThread:2613522 [sender.py:send_request():407] send_request: check_version
2024-01-10 16:57:55,588 DEBUG   HandlerThread:2613522 [handler.py:handle_request():146] handle_request: run_start
2024-01-10 16:57:55,594 DEBUG   HandlerThread:2613522 [system_info.py:__init__():32] System info init
2024-01-10 16:57:55,594 DEBUG   HandlerThread:2613522 [system_info.py:__init__():47] System info init done
2024-01-10 16:57:55,594 INFO    HandlerThread:2613522 [system_monitor.py:start():194] Starting system monitor
2024-01-10 16:57:55,594 INFO    SystemMonitor:2613522 [system_monitor.py:_start():158] Starting system asset monitoring threads
2024-01-10 16:57:55,594 INFO    HandlerThread:2613522 [system_monitor.py:probe():214] Collecting system info
2024-01-10 16:57:55,595 INFO    SystemMonitor:2613522 [interfaces.py:start():190] Started cpu monitoring
2024-01-10 16:57:55,595 INFO    SystemMonitor:2613522 [interfaces.py:start():190] Started disk monitoring
2024-01-10 16:57:55,596 INFO    SystemMonitor:2613522 [interfaces.py:start():190] Started gpu monitoring
2024-01-10 16:57:55,596 INFO    SystemMonitor:2613522 [interfaces.py:start():190] Started memory monitoring
2024-01-10 16:57:55,596 INFO    SystemMonitor:2613522 [interfaces.py:start():190] Started network monitoring
2024-01-10 16:57:55,611 DEBUG   HandlerThread:2613522 [system_info.py:probe():196] Probing system
2024-01-10 16:57:55,615 DEBUG   HandlerThread:2613522 [system_info.py:_probe_git():181] Probing git
2024-01-10 16:57:55,621 DEBUG   HandlerThread:2613522 [system_info.py:_probe_git():189] Probing git done
2024-01-10 16:57:55,621 DEBUG   HandlerThread:2613522 [system_info.py:probe():244] Probing system done
2024-01-10 16:57:55,621 DEBUG   HandlerThread:2613522 [system_monitor.py:probe():223] {'os': 'Linux-5.15.0-46-generic-x86_64-with-glibc2.17', 'python': '3.8.13', 'heartbeatAt': '2024-01-10T08:57:55.611177', 'startedAt': '2024-01-10T08:57:54.082506', 'docker': None, 'cuda': None, 'args': (), 'state': 'running', 'program': 'train.py', 'codePathLocal': 'train.py', 'codePath': 'train.py', 'git': {'remote': None, 'commit': '18c7fe0993c97a9f7a0f2252b6f7c1dee73e5c87'}, 'email': 'none', 'root': '/home/shangjian/code/Research/Multimodal & LLM/SLM', 'host': 'scau540-Song', 'username': 'shangjian', 'executable': '/home/shangjian/miniconda3/envs/pro/bin/python', 'cpu_count': 6, 'cpu_count_logical': 12, 'cpu_freq': {'current': 3.9744999999999995, 'min': 2200.0, 'max': 3500.0}, 'cpu_freq_per_core': [{'current': 3.5, 'min': 2200.0, 'max': 3500.0}, {'current': 4.449, 'min': 2200.0, 'max': 3500.0}, {'current': 4.449, 'min': 2200.0, 'max': 3500.0}, {'current': 4.449, 'min': 2200.0, 'max': 3500.0}, {'current': 3.5, 'min': 2200.0, 'max': 3500.0}, {'current': 3.5, 'min': 2200.0, 'max': 3500.0}, {'current': 3.5, 'min': 2200.0, 'max': 3500.0}, {'current': 3.5, 'min': 2200.0, 'max': 3500.0}, {'current': 4.449, 'min': 2200.0, 'max': 3500.0}, {'current': 4.449, 'min': 2200.0, 'max': 3500.0}, {'current': 4.449, 'min': 2200.0, 'max': 3500.0}, {'current': 3.5, 'min': 2200.0, 'max': 3500.0}], 'disk': {'/': {'total': 5498.824867248535, 'used': 2542.0876502990723}}, 'gpu': 'NVIDIA GeForce RTX 3090', 'gpu_count': 2, 'gpu_devices': [{'name': 'NVIDIA GeForce RTX 3090', 'memory_total': 25769803776}, {'name': 'NVIDIA GeForce RTX 3090', 'memory_total': 25769803776}], 'memory': {'total': 62.7276725769043}}
2024-01-10 16:57:55,621 INFO    HandlerThread:2613522 [system_monitor.py:probe():224] Finished collecting system info
2024-01-10 16:57:55,621 INFO    HandlerThread:2613522 [system_monitor.py:probe():227] Publishing system info
2024-01-10 16:57:55,621 DEBUG   HandlerThread:2613522 [system_info.py:_save_pip():52] Saving list of pip packages installed into the current environment
2024-01-10 16:57:55,622 DEBUG   HandlerThread:2613522 [system_info.py:_save_pip():68] Saving pip packages done
2024-01-10 16:57:55,622 DEBUG   HandlerThread:2613522 [system_info.py:_save_conda():75] Saving list of conda packages installed into the current environment
2024-01-10 16:57:56,099 DEBUG   HandlerThread:2613522 [system_info.py:_save_conda():87] Saving conda packages done
2024-01-10 16:57:56,100 INFO    HandlerThread:2613522 [system_monitor.py:probe():229] Finished publishing system info
2024-01-10 16:57:56,106 DEBUG   SenderThread:2613522 [sender.py:send():380] send: files
2024-01-10 16:57:56,107 INFO    SenderThread:2613522 [sender.py:_save_file():1378] saving file wandb-metadata.json with policy now
2024-01-10 16:57:56,111 DEBUG   HandlerThread:2613522 [handler.py:handle_request():146] handle_request: stop_status
2024-01-10 16:57:56,112 DEBUG   SenderThread:2613522 [sender.py:send_request():407] send_request: stop_status
2024-01-10 16:57:56,127 DEBUG   HandlerThread:2613522 [handler.py:handle_request():146] handle_request: internal_messages
2024-01-10 16:57:56,201 INFO    Thread-12 :2613522 [dir_watcher.py:_on_file_created():271] file/dir created: /home/shangjian/code/Research/Multimodal & LLM/SLM/wandb/run-20240110_165754-wos2c4sd/files/conda-environment.yaml
2024-01-10 16:57:56,201 INFO    Thread-12 :2613522 [dir_watcher.py:_on_file_created():271] file/dir created: /home/shangjian/code/Research/Multimodal & LLM/SLM/wandb/run-20240110_165754-wos2c4sd/files/wandb-metadata.json
2024-01-10 16:57:56,201 INFO    Thread-12 :2613522 [dir_watcher.py:_on_file_created():271] file/dir created: /home/shangjian/code/Research/Multimodal & LLM/SLM/wandb/run-20240110_165754-wos2c4sd/files/requirements.txt
2024-01-10 16:57:56,430 DEBUG   SenderThread:2613522 [sender.py:send():380] send: telemetry
2024-01-10 16:57:56,431 DEBUG   SenderThread:2613522 [sender.py:send():380] send: config
2024-01-10 16:57:56,431 DEBUG   SenderThread:2613522 [sender.py:send():380] send: metric
2024-01-10 16:57:56,431 DEBUG   SenderThread:2613522 [sender.py:send():380] send: telemetry
2024-01-10 16:57:56,431 DEBUG   SenderThread:2613522 [sender.py:send():380] send: metric
2024-01-10 16:57:56,431 WARNING SenderThread:2613522 [sender.py:send_metric():1329] Seen metric with glob (shouldn't happen)
2024-01-10 16:57:56,431 DEBUG   SenderThread:2613522 [sender.py:send():380] send: telemetry
2024-01-10 16:57:56,993 ERROR   wandb-upload_0:2613522 [internal_api.py:upload_file():2556] upload_file exception https://storage.googleapis.com/wandb-production.appspot.com/520/huggingface/wos2c4sd/wandb-metadata.json?Expires=1704963476&GoogleAccessId=gorilla-files-url-signer-man%40wandb-production.iam.gserviceaccount.com&Signature=lxGg8YXg7SJQ243xVaFG%2FWkhkhI8DsSiF5N3xgu%2B40IdD1voYYvezuRU4AXSM3eztFnTOEZG2xMan0bQ6F2pqJcApASHx6YLiujjefRQeU1ILacYe6PCXFV0mdIi%2BtwlRt7JbGTp3opwQvRw5MmT40MIHr0s4eOFaFqc8I4m0D9t09eZ3wzH0BlzWBztmWDf5LobIiBagER6MJ5bsSk0Idg8Qg2GxDOXNwetCxXjg6OLGA1Pb74H%2BluXeV%2BHJhuidbSnNK%2FGabSMFRxfwyuAAWF6LZcwymXqjVWnjhwXBd1c8ORdbF8daQL4OrhOKE6NN5ub98a6fockNhE3DTbD%2Fw%3D%3D: ('Connection aborted.', ConnectionResetError(104, 'Connection reset by peer'))
2024-01-10 16:57:56,993 ERROR   wandb-upload_0:2613522 [internal_api.py:upload_file():2558] upload_file request headers: {'User-Agent': 'python-requests/2.31.0', 'Accept-Encoding': 'gzip, deflate', 'Accept': '*/*', 'Connection': 'keep-alive', 'Content-Length': '2575'}
2024-01-10 16:57:56,993 ERROR   wandb-upload_0:2613522 [internal_api.py:upload_file():2560] upload_file response body: 
2024-01-10 16:57:57,201 INFO    Thread-12 :2613522 [dir_watcher.py:_on_file_created():271] file/dir created: /home/shangjian/code/Research/Multimodal & LLM/SLM/wandb/run-20240110_165754-wos2c4sd/files/output.log
2024-01-10 16:57:58,277 ERROR   wandb-upload_0:2613522 [internal_api.py:upload_file():2556] upload_file exception https://storage.googleapis.com/wandb-production.appspot.com/520/huggingface/wos2c4sd/wandb-metadata.json?Expires=1704963476&GoogleAccessId=gorilla-files-url-signer-man%40wandb-production.iam.gserviceaccount.com&Signature=lxGg8YXg7SJQ243xVaFG%2FWkhkhI8DsSiF5N3xgu%2B40IdD1voYYvezuRU4AXSM3eztFnTOEZG2xMan0bQ6F2pqJcApASHx6YLiujjefRQeU1ILacYe6PCXFV0mdIi%2BtwlRt7JbGTp3opwQvRw5MmT40MIHr0s4eOFaFqc8I4m0D9t09eZ3wzH0BlzWBztmWDf5LobIiBagER6MJ5bsSk0Idg8Qg2GxDOXNwetCxXjg6OLGA1Pb74H%2BluXeV%2BHJhuidbSnNK%2FGabSMFRxfwyuAAWF6LZcwymXqjVWnjhwXBd1c8ORdbF8daQL4OrhOKE6NN5ub98a6fockNhE3DTbD%2Fw%3D%3D: ('Connection aborted.', ConnectionResetError(104, 'Connection reset by peer'))
2024-01-10 16:57:58,277 ERROR   wandb-upload_0:2613522 [internal_api.py:upload_file():2558] upload_file request headers: {'User-Agent': 'python-requests/2.31.0', 'Accept-Encoding': 'gzip, deflate', 'Accept': '*/*', 'Connection': 'keep-alive', 'Content-Length': '2575'}
2024-01-10 16:57:58,277 ERROR   wandb-upload_0:2613522 [internal_api.py:upload_file():2560] upload_file response body: 
2024-01-10 16:57:59,201 INFO    Thread-12 :2613522 [dir_watcher.py:_on_file_modified():288] file/dir modified: /home/shangjian/code/Research/Multimodal & LLM/SLM/wandb/run-20240110_165754-wos2c4sd/files/output.log
2024-01-10 16:57:59,441 DEBUG   HandlerThread:2613522 [handler.py:handle_request():146] handle_request: status_report
2024-01-10 16:58:00,563 ERROR   wandb-upload_0:2613522 [internal_api.py:upload_file():2556] upload_file exception https://storage.googleapis.com/wandb-production.appspot.com/520/huggingface/wos2c4sd/wandb-metadata.json?Expires=1704963476&GoogleAccessId=gorilla-files-url-signer-man%40wandb-production.iam.gserviceaccount.com&Signature=lxGg8YXg7SJQ243xVaFG%2FWkhkhI8DsSiF5N3xgu%2B40IdD1voYYvezuRU4AXSM3eztFnTOEZG2xMan0bQ6F2pqJcApASHx6YLiujjefRQeU1ILacYe6PCXFV0mdIi%2BtwlRt7JbGTp3opwQvRw5MmT40MIHr0s4eOFaFqc8I4m0D9t09eZ3wzH0BlzWBztmWDf5LobIiBagER6MJ5bsSk0Idg8Qg2GxDOXNwetCxXjg6OLGA1Pb74H%2BluXeV%2BHJhuidbSnNK%2FGabSMFRxfwyuAAWF6LZcwymXqjVWnjhwXBd1c8ORdbF8daQL4OrhOKE6NN5ub98a6fockNhE3DTbD%2Fw%3D%3D: ('Connection aborted.', ConnectionResetError(104, 'Connection reset by peer'))
2024-01-10 16:58:00,564 ERROR   wandb-upload_0:2613522 [internal_api.py:upload_file():2558] upload_file request headers: {'User-Agent': 'python-requests/2.31.0', 'Accept-Encoding': 'gzip, deflate', 'Accept': '*/*', 'Connection': 'keep-alive', 'Content-Length': '2575'}
2024-01-10 16:58:00,564 ERROR   wandb-upload_0:2613522 [internal_api.py:upload_file():2560] upload_file response body: 
2024-01-10 16:58:00,564 INFO    wandb-upload_0:2613522 [retry.py:__call__():172] Retry attempt failed:
Traceback (most recent call last):
  File "/home/shangjian/miniconda3/envs/pro/lib/python3.8/site-packages/urllib3/connectionpool.py", line 715, in urlopen
    httplib_response = self._make_request(
  File "/home/shangjian/miniconda3/envs/pro/lib/python3.8/site-packages/urllib3/connectionpool.py", line 404, in _make_request
    self._validate_conn(conn)
  File "/home/shangjian/miniconda3/envs/pro/lib/python3.8/site-packages/urllib3/connectionpool.py", line 1058, in _validate_conn
    conn.connect()
  File "/home/shangjian/miniconda3/envs/pro/lib/python3.8/site-packages/urllib3/connection.py", line 419, in connect
    self.sock = ssl_wrap_socket(
  File "/home/shangjian/miniconda3/envs/pro/lib/python3.8/site-packages/urllib3/util/ssl_.py", line 449, in ssl_wrap_socket
    ssl_sock = _ssl_wrap_socket_impl(
  File "/home/shangjian/miniconda3/envs/pro/lib/python3.8/site-packages/urllib3/util/ssl_.py", line 493, in _ssl_wrap_socket_impl
    return ssl_context.wrap_socket(sock, server_hostname=server_hostname)
  File "/home/shangjian/miniconda3/envs/pro/lib/python3.8/ssl.py", line 500, in wrap_socket
    return self.sslsocket_class._create(
  File "/home/shangjian/miniconda3/envs/pro/lib/python3.8/ssl.py", line 1040, in _create
    self.do_handshake()
  File "/home/shangjian/miniconda3/envs/pro/lib/python3.8/ssl.py", line 1309, in do_handshake
    self._sslobj.do_handshake()
ConnectionResetError: [Errno 104] Connection reset by peer

During handling of the above exception, another exception occurred:

Traceback (most recent call last):
  File "/home/shangjian/miniconda3/envs/pro/lib/python3.8/site-packages/requests/adapters.py", line 486, in send
    resp = conn.urlopen(
  File "/home/shangjian/miniconda3/envs/pro/lib/python3.8/site-packages/urllib3/connectionpool.py", line 799, in urlopen
    retries = retries.increment(
  File "/home/shangjian/miniconda3/envs/pro/lib/python3.8/site-packages/urllib3/util/retry.py", line 550, in increment
    raise six.reraise(type(error), error, _stacktrace)
  File "/home/shangjian/miniconda3/envs/pro/lib/python3.8/site-packages/urllib3/packages/six.py", line 769, in reraise
    raise value.with_traceback(tb)
  File "/home/shangjian/miniconda3/envs/pro/lib/python3.8/site-packages/urllib3/connectionpool.py", line 715, in urlopen
    httplib_response = self._make_request(
  File "/home/shangjian/miniconda3/envs/pro/lib/python3.8/site-packages/urllib3/connectionpool.py", line 404, in _make_request
    self._validate_conn(conn)
  File "/home/shangjian/miniconda3/envs/pro/lib/python3.8/site-packages/urllib3/connectionpool.py", line 1058, in _validate_conn
    conn.connect()
  File "/home/shangjian/miniconda3/envs/pro/lib/python3.8/site-packages/urllib3/connection.py", line 419, in connect
    self.sock = ssl_wrap_socket(
  File "/home/shangjian/miniconda3/envs/pro/lib/python3.8/site-packages/urllib3/util/ssl_.py", line 449, in ssl_wrap_socket
    ssl_sock = _ssl_wrap_socket_impl(
  File "/home/shangjian/miniconda3/envs/pro/lib/python3.8/site-packages/urllib3/util/ssl_.py", line 493, in _ssl_wrap_socket_impl
    return ssl_context.wrap_socket(sock, server_hostname=server_hostname)
  File "/home/shangjian/miniconda3/envs/pro/lib/python3.8/ssl.py", line 500, in wrap_socket
    return self.sslsocket_class._create(
  File "/home/shangjian/miniconda3/envs/pro/lib/python3.8/ssl.py", line 1040, in _create
    self.do_handshake()
  File "/home/shangjian/miniconda3/envs/pro/lib/python3.8/ssl.py", line 1309, in do_handshake
    self._sslobj.do_handshake()
urllib3.exceptions.ProtocolError: ('Connection aborted.', ConnectionResetError(104, 'Connection reset by peer'))

During handling of the above exception, another exception occurred:

Traceback (most recent call last):
  File "/home/shangjian/miniconda3/envs/pro/lib/python3.8/site-packages/wandb/sdk/internal/internal_api.py", line 2549, in upload_file
    response = self._upload_file_session.put(
  File "/home/shangjian/miniconda3/envs/pro/lib/python3.8/site-packages/requests/sessions.py", line 649, in put
    return self.request("PUT", url, data=data, **kwargs)
  File "/home/shangjian/miniconda3/envs/pro/lib/python3.8/site-packages/requests/sessions.py", line 589, in request
    resp = self.send(prep, **send_kwargs)
  File "/home/shangjian/miniconda3/envs/pro/lib/python3.8/site-packages/requests/sessions.py", line 703, in send
    r = adapter.send(request, **kwargs)
  File "/home/shangjian/miniconda3/envs/pro/lib/python3.8/site-packages/requests/adapters.py", line 501, in send
    raise ConnectionError(err, request=request)
requests.exceptions.ConnectionError: ('Connection aborted.', ConnectionResetError(104, 'Connection reset by peer'))

During handling of the above exception, another exception occurred:

Traceback (most recent call last):
  File "/home/shangjian/miniconda3/envs/pro/lib/python3.8/site-packages/wandb/sdk/lib/retry.py", line 131, in __call__
    result = self._call_fn(*args, **kwargs)
  File "/home/shangjian/miniconda3/envs/pro/lib/python3.8/site-packages/wandb/sdk/internal/internal_api.py", line 2580, in upload_file
    raise _e.with_traceback(sys.exc_info()[2])
  File "/home/shangjian/miniconda3/envs/pro/lib/python3.8/site-packages/wandb/sdk/internal/internal_api.py", line 2549, in upload_file
    response = self._upload_file_session.put(
  File "/home/shangjian/miniconda3/envs/pro/lib/python3.8/site-packages/requests/sessions.py", line 649, in put
    return self.request("PUT", url, data=data, **kwargs)
  File "/home/shangjian/miniconda3/envs/pro/lib/python3.8/site-packages/requests/sessions.py", line 589, in request
    resp = self.send(prep, **send_kwargs)
  File "/home/shangjian/miniconda3/envs/pro/lib/python3.8/site-packages/requests/sessions.py", line 703, in send
    r = adapter.send(request, **kwargs)
  File "/home/shangjian/miniconda3/envs/pro/lib/python3.8/site-packages/requests/adapters.py", line 501, in send
    raise ConnectionError(err, request=request)
wandb.sdk.lib.retry.TransientError: None
2024-01-10 16:58:01,202 INFO    Thread-12 :2613522 [dir_watcher.py:_on_file_modified():288] file/dir modified: /home/shangjian/code/Research/Multimodal & LLM/SLM/wandb/run-20240110_165754-wos2c4sd/files/output.log
2024-01-10 16:58:03,202 INFO    Thread-12 :2613522 [dir_watcher.py:_on_file_modified():288] file/dir modified: /home/shangjian/code/Research/Multimodal & LLM/SLM/wandb/run-20240110_165754-wos2c4sd/files/output.log
2024-01-10 16:58:04,966 DEBUG   HandlerThread:2613522 [handler.py:handle_request():146] handle_request: status_report
2024-01-10 16:58:05,203 INFO    Thread-12 :2613522 [dir_watcher.py:_on_file_modified():288] file/dir modified: /home/shangjian/code/Research/Multimodal & LLM/SLM/wandb/run-20240110_165754-wos2c4sd/files/output.log
2024-01-10 16:58:05,910 INFO    wandb-upload_0:2613522 [upload_job.py:push():131] Uploaded file /tmp/tmpm3y5wbctwandb/ct8nlcn6-wandb-metadata.json
2024-01-10 16:58:07,203 INFO    Thread-12 :2613522 [dir_watcher.py:_on_file_modified():288] file/dir modified: /home/shangjian/code/Research/Multimodal & LLM/SLM/wandb/run-20240110_165754-wos2c4sd/files/output.log
2024-01-10 16:58:09,204 INFO    Thread-12 :2613522 [dir_watcher.py:_on_file_modified():288] file/dir modified: /home/shangjian/code/Research/Multimodal & LLM/SLM/wandb/run-20240110_165754-wos2c4sd/files/output.log
2024-01-10 16:58:10,529 DEBUG   HandlerThread:2613522 [handler.py:handle_request():146] handle_request: status_report
2024-01-10 16:58:11,111 DEBUG   HandlerThread:2613522 [handler.py:handle_request():146] handle_request: stop_status
2024-01-10 16:58:11,112 DEBUG   SenderThread:2613522 [sender.py:send_request():407] send_request: stop_status
2024-01-10 16:58:11,125 DEBUG   HandlerThread:2613522 [handler.py:handle_request():146] handle_request: internal_messages
2024-01-10 16:58:11,209 INFO    Thread-12 :2613522 [dir_watcher.py:_on_file_modified():288] file/dir modified: /home/shangjian/code/Research/Multimodal & LLM/SLM/wandb/run-20240110_165754-wos2c4sd/files/output.log
2024-01-10 16:58:13,210 INFO    Thread-12 :2613522 [dir_watcher.py:_on_file_modified():288] file/dir modified: /home/shangjian/code/Research/Multimodal & LLM/SLM/wandb/run-20240110_165754-wos2c4sd/files/output.log
2024-01-10 16:58:15,210 INFO    Thread-12 :2613522 [dir_watcher.py:_on_file_modified():288] file/dir modified: /home/shangjian/code/Research/Multimodal & LLM/SLM/wandb/run-20240110_165754-wos2c4sd/files/output.log
2024-01-10 16:58:16,032 DEBUG   HandlerThread:2613522 [handler.py:handle_request():146] handle_request: status_report
2024-01-10 16:58:17,211 INFO    Thread-12 :2613522 [dir_watcher.py:_on_file_modified():288] file/dir modified: /home/shangjian/code/Research/Multimodal & LLM/SLM/wandb/run-20240110_165754-wos2c4sd/files/output.log
2024-01-10 16:58:19,211 INFO    Thread-12 :2613522 [dir_watcher.py:_on_file_modified():288] file/dir modified: /home/shangjian/code/Research/Multimodal & LLM/SLM/wandb/run-20240110_165754-wos2c4sd/files/output.log
2024-01-10 16:58:21,212 INFO    Thread-12 :2613522 [dir_watcher.py:_on_file_modified():288] file/dir modified: /home/shangjian/code/Research/Multimodal & LLM/SLM/wandb/run-20240110_165754-wos2c4sd/files/output.log
2024-01-10 16:58:21,393 DEBUG   HandlerThread:2613522 [handler.py:handle_request():146] handle_request: status_report
2024-01-10 16:58:23,213 INFO    Thread-12 :2613522 [dir_watcher.py:_on_file_modified():288] file/dir modified: /home/shangjian/code/Research/Multimodal & LLM/SLM/wandb/run-20240110_165754-wos2c4sd/files/output.log
2024-01-10 16:58:25,213 INFO    Thread-12 :2613522 [dir_watcher.py:_on_file_modified():288] file/dir modified: /home/shangjian/code/Research/Multimodal & LLM/SLM/wandb/run-20240110_165754-wos2c4sd/files/output.log
2024-01-10 16:58:26,111 DEBUG   HandlerThread:2613522 [handler.py:handle_request():146] handle_request: stop_status
2024-01-10 16:58:26,112 DEBUG   SenderThread:2613522 [sender.py:send_request():407] send_request: stop_status
2024-01-10 16:58:26,125 DEBUG   HandlerThread:2613522 [handler.py:handle_request():146] handle_request: internal_messages
2024-01-10 16:58:26,419 DEBUG   HandlerThread:2613522 [handler.py:handle_request():146] handle_request: status_report
2024-01-10 16:58:27,214 INFO    Thread-12 :2613522 [dir_watcher.py:_on_file_modified():288] file/dir modified: /home/shangjian/code/Research/Multimodal & LLM/SLM/wandb/run-20240110_165754-wos2c4sd/files/config.yaml
2024-01-10 16:58:27,214 INFO    Thread-12 :2613522 [dir_watcher.py:_on_file_modified():288] file/dir modified: /home/shangjian/code/Research/Multimodal & LLM/SLM/wandb/run-20240110_165754-wos2c4sd/files/output.log
2024-01-10 16:58:29,214 INFO    Thread-12 :2613522 [dir_watcher.py:_on_file_modified():288] file/dir modified: /home/shangjian/code/Research/Multimodal & LLM/SLM/wandb/run-20240110_165754-wos2c4sd/files/output.log
2024-01-10 16:58:31,215 INFO    Thread-12 :2613522 [dir_watcher.py:_on_file_modified():288] file/dir modified: /home/shangjian/code/Research/Multimodal & LLM/SLM/wandb/run-20240110_165754-wos2c4sd/files/output.log
2024-01-10 16:58:32,669 DEBUG   HandlerThread:2613522 [handler.py:handle_request():146] handle_request: status_report
2024-01-10 16:58:33,215 INFO    Thread-12 :2613522 [dir_watcher.py:_on_file_modified():288] file/dir modified: /home/shangjian/code/Research/Multimodal & LLM/SLM/wandb/run-20240110_165754-wos2c4sd/files/output.log
2024-01-10 16:58:34,150 DEBUG   SenderThread:2613522 [sender.py:send():380] send: exit
2024-01-10 16:58:34,150 INFO    SenderThread:2613522 [sender.py:send_exit():585] handling exit code: 1
2024-01-10 16:58:34,150 INFO    SenderThread:2613522 [sender.py:send_exit():587] handling runtime: 38
2024-01-10 16:58:34,150 INFO    SenderThread:2613522 [sender.py:_save_file():1378] saving file wandb-summary.json with policy end
2024-01-10 16:58:34,151 INFO    SenderThread:2613522 [sender.py:send_exit():593] send defer
2024-01-10 16:58:34,151 DEBUG   HandlerThread:2613522 [handler.py:handle_request():146] handle_request: defer
2024-01-10 16:58:34,151 INFO    HandlerThread:2613522 [handler.py:handle_request_defer():172] handle defer: 0
2024-01-10 16:58:34,151 DEBUG   SenderThread:2613522 [sender.py:send_request():407] send_request: defer
2024-01-10 16:58:34,151 INFO    SenderThread:2613522 [sender.py:send_request_defer():609] handle sender defer: 0
2024-01-10 16:58:34,151 INFO    SenderThread:2613522 [sender.py:transition_state():613] send defer: 1
2024-01-10 16:58:34,151 DEBUG   HandlerThread:2613522 [handler.py:handle_request():146] handle_request: defer
2024-01-10 16:58:34,151 INFO    HandlerThread:2613522 [handler.py:handle_request_defer():172] handle defer: 1
2024-01-10 16:58:34,151 DEBUG   SenderThread:2613522 [sender.py:send_request():407] send_request: defer
2024-01-10 16:58:34,151 INFO    SenderThread:2613522 [sender.py:send_request_defer():609] handle sender defer: 1
2024-01-10 16:58:34,151 INFO    SenderThread:2613522 [sender.py:transition_state():613] send defer: 2
2024-01-10 16:58:34,151 DEBUG   HandlerThread:2613522 [handler.py:handle_request():146] handle_request: defer
2024-01-10 16:58:34,151 INFO    HandlerThread:2613522 [handler.py:handle_request_defer():172] handle defer: 2
2024-01-10 16:58:34,151 INFO    HandlerThread:2613522 [system_monitor.py:finish():203] Stopping system monitor
2024-01-10 16:58:34,152 DEBUG   SystemMonitor:2613522 [system_monitor.py:_start():172] Starting system metrics aggregation loop
2024-01-10 16:58:34,152 DEBUG   SystemMonitor:2613522 [system_monitor.py:_start():179] Finished system metrics aggregation loop
2024-01-10 16:58:34,152 DEBUG   SystemMonitor:2613522 [system_monitor.py:_start():183] Publishing last batch of metrics
2024-01-10 16:58:34,152 INFO    HandlerThread:2613522 [interfaces.py:finish():202] Joined cpu monitor
2024-01-10 16:58:34,153 INFO    HandlerThread:2613522 [interfaces.py:finish():202] Joined disk monitor
2024-01-10 16:58:34,216 INFO    Thread-12 :2613522 [dir_watcher.py:_on_file_created():271] file/dir created: /home/shangjian/code/Research/Multimodal & LLM/SLM/wandb/run-20240110_165754-wos2c4sd/files/wandb-summary.json
2024-01-10 16:58:34,577 INFO    HandlerThread:2613522 [interfaces.py:finish():202] Joined gpu monitor
2024-01-10 16:58:34,577 INFO    HandlerThread:2613522 [interfaces.py:finish():202] Joined memory monitor
2024-01-10 16:58:34,577 INFO    HandlerThread:2613522 [interfaces.py:finish():202] Joined network monitor
2024-01-10 16:58:34,577 DEBUG   SenderThread:2613522 [sender.py:send_request():407] send_request: defer
2024-01-10 16:58:34,578 INFO    SenderThread:2613522 [sender.py:send_request_defer():609] handle sender defer: 2
2024-01-10 16:58:34,578 INFO    SenderThread:2613522 [sender.py:transition_state():613] send defer: 3
2024-01-10 16:58:34,578 DEBUG   SenderThread:2613522 [sender.py:send():380] send: stats
2024-01-10 16:58:34,578 DEBUG   HandlerThread:2613522 [handler.py:handle_request():146] handle_request: defer
2024-01-10 16:58:34,578 INFO    HandlerThread:2613522 [handler.py:handle_request_defer():172] handle defer: 3
2024-01-10 16:58:34,578 DEBUG   SenderThread:2613522 [sender.py:send_request():407] send_request: defer
2024-01-10 16:58:34,578 INFO    SenderThread:2613522 [sender.py:send_request_defer():609] handle sender defer: 3
2024-01-10 16:58:34,578 INFO    SenderThread:2613522 [sender.py:transition_state():613] send defer: 4
2024-01-10 16:58:34,578 DEBUG   HandlerThread:2613522 [handler.py:handle_request():146] handle_request: defer
2024-01-10 16:58:34,578 INFO    HandlerThread:2613522 [handler.py:handle_request_defer():172] handle defer: 4
2024-01-10 16:58:34,578 DEBUG   SenderThread:2613522 [sender.py:send_request():407] send_request: defer
2024-01-10 16:58:34,578 INFO    SenderThread:2613522 [sender.py:send_request_defer():609] handle sender defer: 4
2024-01-10 16:58:34,578 INFO    SenderThread:2613522 [sender.py:transition_state():613] send defer: 5
2024-01-10 16:58:34,578 DEBUG   HandlerThread:2613522 [handler.py:handle_request():146] handle_request: defer
2024-01-10 16:58:34,578 INFO    HandlerThread:2613522 [handler.py:handle_request_defer():172] handle defer: 5
2024-01-10 16:58:34,579 DEBUG   SenderThread:2613522 [sender.py:send():380] send: summary
2024-01-10 16:58:34,579 INFO    SenderThread:2613522 [sender.py:_save_file():1378] saving file wandb-summary.json with policy end
2024-01-10 16:58:34,579 DEBUG   SenderThread:2613522 [sender.py:send_request():407] send_request: defer
2024-01-10 16:58:34,579 INFO    SenderThread:2613522 [sender.py:send_request_defer():609] handle sender defer: 5
2024-01-10 16:58:34,579 INFO    SenderThread:2613522 [sender.py:transition_state():613] send defer: 6
2024-01-10 16:58:34,579 DEBUG   HandlerThread:2613522 [handler.py:handle_request():146] handle_request: defer
2024-01-10 16:58:34,579 INFO    HandlerThread:2613522 [handler.py:handle_request_defer():172] handle defer: 6
2024-01-10 16:58:34,579 DEBUG   SenderThread:2613522 [sender.py:send_request():407] send_request: defer
2024-01-10 16:58:34,579 INFO    SenderThread:2613522 [sender.py:send_request_defer():609] handle sender defer: 6
2024-01-10 16:58:34,579 INFO    SenderThread:2613522 [sender.py:transition_state():613] send defer: 7
2024-01-10 16:58:34,579 DEBUG   HandlerThread:2613522 [handler.py:handle_request():146] handle_request: status_report
2024-01-10 16:58:34,579 DEBUG   HandlerThread:2613522 [handler.py:handle_request():146] handle_request: defer
2024-01-10 16:58:34,579 INFO    HandlerThread:2613522 [handler.py:handle_request_defer():172] handle defer: 7
2024-01-10 16:58:34,580 DEBUG   SenderThread:2613522 [sender.py:send_request():407] send_request: defer
2024-01-10 16:58:34,580 INFO    SenderThread:2613522 [sender.py:send_request_defer():609] handle sender defer: 7
2024-01-10 16:58:35,150 DEBUG   HandlerThread:2613522 [handler.py:handle_request():146] handle_request: poll_exit
2024-01-10 16:58:35,216 INFO    Thread-12 :2613522 [dir_watcher.py:_on_file_modified():288] file/dir modified: /home/shangjian/code/Research/Multimodal & LLM/SLM/wandb/run-20240110_165754-wos2c4sd/files/wandb-summary.json
2024-01-10 16:58:35,216 INFO    Thread-12 :2613522 [dir_watcher.py:_on_file_modified():288] file/dir modified: /home/shangjian/code/Research/Multimodal & LLM/SLM/wandb/run-20240110_165754-wos2c4sd/files/output.log
2024-01-10 16:58:36,515 INFO    SenderThread:2613522 [sender.py:transition_state():613] send defer: 8
2024-01-10 16:58:36,515 DEBUG   SenderThread:2613522 [sender.py:send_request():407] send_request: poll_exit
2024-01-10 16:58:36,515 DEBUG   HandlerThread:2613522 [handler.py:handle_request():146] handle_request: defer
2024-01-10 16:58:36,516 INFO    HandlerThread:2613522 [handler.py:handle_request_defer():172] handle defer: 8
2024-01-10 16:58:36,522 DEBUG   SenderThread:2613522 [sender.py:send_request():407] send_request: defer
2024-01-10 16:58:36,522 INFO    SenderThread:2613522 [sender.py:send_request_defer():609] handle sender defer: 8
2024-01-10 16:58:36,522 INFO    SenderThread:2613522 [job_builder.py:build():281] Attempting to build job artifact
2024-01-10 16:58:36,523 INFO    SenderThread:2613522 [job_builder.py:_get_source_type():404] no source found
2024-01-10 16:58:36,523 INFO    SenderThread:2613522 [sender.py:transition_state():613] send defer: 9
2024-01-10 16:58:36,523 DEBUG   HandlerThread:2613522 [handler.py:handle_request():146] handle_request: defer
2024-01-10 16:58:36,523 INFO    HandlerThread:2613522 [handler.py:handle_request_defer():172] handle defer: 9
2024-01-10 16:58:36,523 DEBUG   SenderThread:2613522 [sender.py:send_request():407] send_request: defer
2024-01-10 16:58:36,523 INFO    SenderThread:2613522 [sender.py:send_request_defer():609] handle sender defer: 9
2024-01-10 16:58:36,523 INFO    SenderThread:2613522 [dir_watcher.py:finish():358] shutting down directory watcher
2024-01-10 16:58:37,217 INFO    SenderThread:2613522 [dir_watcher.py:_on_file_modified():288] file/dir modified: /home/shangjian/code/Research/Multimodal & LLM/SLM/wandb/run-20240110_165754-wos2c4sd/files/output.log
2024-01-10 16:58:37,217 INFO    SenderThread:2613522 [dir_watcher.py:finish():388] scan: /home/shangjian/code/Research/Multimodal & LLM/SLM/wandb/run-20240110_165754-wos2c4sd/files
2024-01-10 16:58:37,217 INFO    SenderThread:2613522 [dir_watcher.py:finish():402] scan save: /home/shangjian/code/Research/Multimodal & LLM/SLM/wandb/run-20240110_165754-wos2c4sd/files/wandb-summary.json wandb-summary.json
2024-01-10 16:58:37,218 INFO    SenderThread:2613522 [dir_watcher.py:finish():402] scan save: /home/shangjian/code/Research/Multimodal & LLM/SLM/wandb/run-20240110_165754-wos2c4sd/files/wandb-metadata.json wandb-metadata.json
2024-01-10 16:58:37,218 INFO    SenderThread:2613522 [dir_watcher.py:finish():402] scan save: /home/shangjian/code/Research/Multimodal & LLM/SLM/wandb/run-20240110_165754-wos2c4sd/files/requirements.txt requirements.txt
2024-01-10 16:58:37,218 INFO    SenderThread:2613522 [dir_watcher.py:finish():402] scan save: /home/shangjian/code/Research/Multimodal & LLM/SLM/wandb/run-20240110_165754-wos2c4sd/files/conda-environment.yaml conda-environment.yaml
2024-01-10 16:58:37,222 INFO    SenderThread:2613522 [dir_watcher.py:finish():402] scan save: /home/shangjian/code/Research/Multimodal & LLM/SLM/wandb/run-20240110_165754-wos2c4sd/files/output.log output.log
2024-01-10 16:58:37,223 INFO    SenderThread:2613522 [dir_watcher.py:finish():402] scan save: /home/shangjian/code/Research/Multimodal & LLM/SLM/wandb/run-20240110_165754-wos2c4sd/files/config.yaml config.yaml
2024-01-10 16:58:37,226 INFO    SenderThread:2613522 [sender.py:transition_state():613] send defer: 10
2024-01-10 16:58:37,227 DEBUG   HandlerThread:2613522 [handler.py:handle_request():146] handle_request: defer
2024-01-10 16:58:37,227 INFO    HandlerThread:2613522 [handler.py:handle_request_defer():172] handle defer: 10
2024-01-10 16:58:37,229 DEBUG   SenderThread:2613522 [sender.py:send_request():407] send_request: defer
2024-01-10 16:58:37,229 INFO    SenderThread:2613522 [sender.py:send_request_defer():609] handle sender defer: 10
2024-01-10 16:58:37,229 INFO    SenderThread:2613522 [file_pusher.py:finish():175] shutting down file pusher
2024-01-10 16:58:37,511 ERROR   wandb-upload_0:2613522 [internal_api.py:upload_file():2556] upload_file exception https://storage.googleapis.com/wandb-production.appspot.com/520/huggingface/wos2c4sd/wandb-summary.json?Expires=1704963517&GoogleAccessId=gorilla-files-url-signer-man%40wandb-production.iam.gserviceaccount.com&Signature=VM9eXDenGTCcWS%2FmafEwgK%2BT6b%2BFKRYtoD7Azp%2B72aEbYYx1U%2BjAa7VVNqTByTgURFPZC4hBNJ83mNX%2Bf7hg8H4BWfTM1K%2FDZPopt%2F3lwrGXWF1n1hZyQOVpmvKfZzkBtvn3ee5CmZOjdFVPiPFovBOJTx0iE06jZyiETigqQ2CsV%2FPCg6icbUqAe5v%2Fq1inwMybu1FlfZQEfuDdAzo0zp%2BbWckbVLS0%2FeNXNccyOm9kPt%2FRJ1eYZi%2BWiqSjr3Dzzc6dGif4ge3KwSjgz9oEUE92fbVfjWaz%2F2VR%2FYJsP4qpxlbFSWr0WEBJ8jTT94cxP81oHx%2B4hfhcPoBp64fFhQ%3D%3D: ('Connection aborted.', ConnectionResetError(104, 'Connection reset by peer'))
2024-01-10 16:58:37,511 ERROR   wandb-upload_0:2613522 [internal_api.py:upload_file():2558] upload_file request headers: {'User-Agent': 'python-requests/2.31.0', 'Accept-Encoding': 'gzip, deflate', 'Accept': '*/*', 'Connection': 'keep-alive', 'Content-Length': '27'}
2024-01-10 16:58:37,511 ERROR   wandb-upload_0:2613522 [internal_api.py:upload_file():2560] upload_file response body: 
2024-01-10 16:58:37,739 INFO    wandb-upload_1:2613522 [upload_job.py:push():131] Uploaded file /home/shangjian/code/Research/Multimodal & LLM/SLM/wandb/run-20240110_165754-wos2c4sd/files/requirements.txt
2024-01-10 16:58:37,903 ERROR   wandb-upload_3:2613522 [internal_api.py:upload_file():2556] upload_file exception https://storage.googleapis.com/wandb-production.appspot.com/520/huggingface/wos2c4sd/output.log?Expires=1704963517&GoogleAccessId=gorilla-files-url-signer-man%40wandb-production.iam.gserviceaccount.com&Signature=mnW%2BYi%2Fq%2BNKVwJdAO9yF771pfbm9%2BOdJ%2BB96TEudZFY7w2FD4vPmQ2calkRnrIJmE0iXJYJ3mw%2BWDynm7Tp8NL9xmH4j%2F4RKg0HBPVQJDrB2dWlyHXXl4%2FxGdC5TGaWAazw8lafXNU2C%2BSph7BbzgDwrC5a%2B4btUJnUPhYx7uVPPU44TZ%2BKYbwTwsrnCVOiV1AC9NemST1MqBfwVbqp1DGbqdYhYaxfa6uux4UUlNiTJRiSG8WH6piBfPyfJItwdcuNrp2H7bjTJoXJNJVBmcNqE1oBxUA2KIw48tlCYlbnXRhzA%2Fl5s%2B487hlNMO9eZOfcrDQ54rMn1mcNIe6dfZw%3D%3D: ('Connection aborted.', ConnectionResetError(104, 'Connection reset by peer'))
2024-01-10 16:58:37,903 ERROR   wandb-upload_3:2613522 [internal_api.py:upload_file():2558] upload_file request headers: {'User-Agent': 'python-requests/2.31.0', 'Accept-Encoding': 'gzip, deflate', 'Accept': '*/*', 'Connection': 'keep-alive', 'Content-Length': '5303'}
2024-01-10 16:58:37,903 ERROR   wandb-upload_3:2613522 [internal_api.py:upload_file():2560] upload_file response body: 
2024-01-10 16:58:38,079 INFO    wandb-upload_2:2613522 [upload_job.py:push():131] Uploaded file /home/shangjian/code/Research/Multimodal & LLM/SLM/wandb/run-20240110_165754-wos2c4sd/files/conda-environment.yaml
2024-01-10 16:58:38,205 INFO    wandb-upload_4:2613522 [upload_job.py:push():131] Uploaded file /home/shangjian/code/Research/Multimodal & LLM/SLM/wandb/run-20240110_165754-wos2c4sd/files/config.yaml
2024-01-10 16:58:38,827 INFO    wandb-upload_0:2613522 [upload_job.py:push():131] Uploaded file /home/shangjian/code/Research/Multimodal & LLM/SLM/wandb/run-20240110_165754-wos2c4sd/files/wandb-summary.json
2024-01-10 16:58:39,380 INFO    wandb-upload_3:2613522 [upload_job.py:push():131] Uploaded file /home/shangjian/code/Research/Multimodal & LLM/SLM/wandb/run-20240110_165754-wos2c4sd/files/output.log
2024-01-10 16:58:39,581 INFO    Thread-11 :2613522 [sender.py:transition_state():613] send defer: 11
2024-01-10 16:58:39,581 DEBUG   HandlerThread:2613522 [handler.py:handle_request():146] handle_request: defer
2024-01-10 16:58:39,581 INFO    HandlerThread:2613522 [handler.py:handle_request_defer():172] handle defer: 11
2024-01-10 16:58:39,581 DEBUG   SenderThread:2613522 [sender.py:send_request():407] send_request: defer
2024-01-10 16:58:39,582 INFO    SenderThread:2613522 [sender.py:send_request_defer():609] handle sender defer: 11
2024-01-10 16:58:39,582 INFO    SenderThread:2613522 [file_pusher.py:join():181] waiting for file pusher
2024-01-10 16:58:39,582 INFO    SenderThread:2613522 [sender.py:transition_state():613] send defer: 12
2024-01-10 16:58:39,582 DEBUG   HandlerThread:2613522 [handler.py:handle_request():146] handle_request: defer
2024-01-10 16:58:39,582 INFO    HandlerThread:2613522 [handler.py:handle_request_defer():172] handle defer: 12
2024-01-10 16:58:39,582 DEBUG   SenderThread:2613522 [sender.py:send_request():407] send_request: defer
2024-01-10 16:58:39,582 INFO    SenderThread:2613522 [sender.py:send_request_defer():609] handle sender defer: 12
2024-01-10 16:58:39,582 INFO    SenderThread:2613522 [file_stream.py:finish():595] file stream finish called
2024-01-10 16:58:39,818 INFO    SenderThread:2613522 [file_stream.py:finish():599] file stream finish is done
2024-01-10 16:58:39,819 INFO    SenderThread:2613522 [sender.py:transition_state():613] send defer: 13
2024-01-10 16:58:39,819 DEBUG   HandlerThread:2613522 [handler.py:handle_request():146] handle_request: defer
2024-01-10 16:58:39,819 INFO    HandlerThread:2613522 [handler.py:handle_request_defer():172] handle defer: 13
2024-01-10 16:58:39,819 DEBUG   SenderThread:2613522 [sender.py:send_request():407] send_request: defer
2024-01-10 16:58:39,819 INFO    SenderThread:2613522 [sender.py:send_request_defer():609] handle sender defer: 13
2024-01-10 16:58:39,819 INFO    SenderThread:2613522 [sender.py:transition_state():613] send defer: 14
2024-01-10 16:58:39,819 DEBUG   HandlerThread:2613522 [handler.py:handle_request():146] handle_request: defer
2024-01-10 16:58:39,819 INFO    HandlerThread:2613522 [handler.py:handle_request_defer():172] handle defer: 14
2024-01-10 16:58:39,819 DEBUG   SenderThread:2613522 [sender.py:send():380] send: final
2024-01-10 16:58:39,819 DEBUG   SenderThread:2613522 [sender.py:send():380] send: footer
2024-01-10 16:58:39,820 DEBUG   SenderThread:2613522 [sender.py:send_request():407] send_request: defer
2024-01-10 16:58:39,820 INFO    SenderThread:2613522 [sender.py:send_request_defer():609] handle sender defer: 14
2024-01-10 16:58:39,820 DEBUG   HandlerThread:2613522 [handler.py:handle_request():146] handle_request: poll_exit
2024-01-10 16:58:39,820 DEBUG   HandlerThread:2613522 [handler.py:handle_request():146] handle_request: server_info
2024-01-10 16:58:39,820 DEBUG   HandlerThread:2613522 [handler.py:handle_request():146] handle_request: get_summary
2024-01-10 16:58:39,820 DEBUG   HandlerThread:2613522 [handler.py:handle_request():146] handle_request: sampled_history
2024-01-10 16:58:39,820 DEBUG   HandlerThread:2613522 [handler.py:handle_request():146] handle_request: internal_messages
2024-01-10 16:58:39,821 DEBUG   SenderThread:2613522 [sender.py:send_request():407] send_request: poll_exit
2024-01-10 16:58:39,821 DEBUG   SenderThread:2613522 [sender.py:send_request():407] send_request: server_info
2024-01-10 16:58:39,822 DEBUG   HandlerThread:2613522 [handler.py:handle_request():146] handle_request: job_info
2024-01-10 16:58:40,077 DEBUG   SenderThread:2613522 [sender.py:send_request():407] send_request: job_info
2024-01-10 16:58:40,077 INFO    MainThread:2613522 [wandb_run.py:_footer_history_summary_info():3599] rendering history
2024-01-10 16:58:40,077 INFO    MainThread:2613522 [wandb_run.py:_footer_history_summary_info():3631] rendering summary
2024-01-10 16:58:40,077 INFO    MainThread:2613522 [wandb_run.py:_footer_sync_info():3558] logging synced files
2024-01-10 16:58:40,078 DEBUG   HandlerThread:2613522 [handler.py:handle_request():146] handle_request: shutdown
2024-01-10 16:58:40,078 INFO    HandlerThread:2613522 [handler.py:finish():866] shutting down handler
2024-01-10 16:58:40,823 INFO    WriterThread:2613522 [datastore.py:close():294] close: /home/shangjian/code/Research/Multimodal & LLM/SLM/wandb/run-20240110_165754-wos2c4sd/run-wos2c4sd.wandb
2024-01-10 16:58:41,077 INFO    SenderThread:2613522 [sender.py:finish():1534] shutting down sender
2024-01-10 16:58:41,078 INFO    SenderThread:2613522 [file_pusher.py:finish():175] shutting down file pusher
2024-01-10 16:58:41,078 INFO    SenderThread:2613522 [file_pusher.py:join():181] waiting for file pusher
