2024-01-10 17:00:12,614 INFO    StreamThr :2626767 [internal.py:wandb_internal():86] W&B internal server running at pid: 2626767, started at: 2024-01-10 17:00:12.613912
2024-01-10 17:00:12,615 DEBUG   HandlerThread:2626767 [handler.py:handle_request():146] handle_request: status
2024-01-10 17:00:12,617 INFO    WriterThread:2626767 [datastore.py:open_for_write():85] open: /home/shangjian/code/Research/Multimodal & LLM/SLM/wandb/run-20240110_170012-waig1whn/run-waig1whn.wandb
2024-01-10 17:00:12,617 DEBUG   SenderThread:2626767 [sender.py:send():380] send: header
2024-01-10 17:00:12,745 DEBUG   SenderThread:2626767 [sender.py:send():380] send: run
2024-01-10 17:00:13,668 DEBUG   HandlerThread:2626767 [handler.py:handle_request():146] handle_request: check_version
2024-01-10 17:00:13,692 INFO    SenderThread:2626767 [dir_watcher.py:__init__():211] watching files in: /home/shangjian/code/Research/Multimodal & LLM/SLM/wandb/run-20240110_170012-waig1whn/files
2024-01-10 17:00:13,692 INFO    SenderThread:2626767 [sender.py:_start_run_threads():1122] run started: waig1whn with start time 1704877212.614089
2024-01-10 17:00:13,692 DEBUG   SenderThread:2626767 [sender.py:send_request():407] send_request: check_version
2024-01-10 17:00:14,373 DEBUG   HandlerThread:2626767 [handler.py:handle_request():146] handle_request: run_start
2024-01-10 17:00:14,380 DEBUG   HandlerThread:2626767 [system_info.py:__init__():32] System info init
2024-01-10 17:00:14,380 DEBUG   HandlerThread:2626767 [system_info.py:__init__():47] System info init done
2024-01-10 17:00:14,380 INFO    HandlerThread:2626767 [system_monitor.py:start():194] Starting system monitor
2024-01-10 17:00:14,380 INFO    SystemMonitor:2626767 [system_monitor.py:_start():158] Starting system asset monitoring threads
2024-01-10 17:00:14,380 INFO    HandlerThread:2626767 [system_monitor.py:probe():214] Collecting system info
2024-01-10 17:00:14,381 INFO    SystemMonitor:2626767 [interfaces.py:start():190] Started cpu monitoring
2024-01-10 17:00:14,381 INFO    SystemMonitor:2626767 [interfaces.py:start():190] Started disk monitoring
2024-01-10 17:00:14,382 INFO    SystemMonitor:2626767 [interfaces.py:start():190] Started gpu monitoring
2024-01-10 17:00:14,382 INFO    SystemMonitor:2626767 [interfaces.py:start():190] Started memory monitoring
2024-01-10 17:00:14,382 INFO    SystemMonitor:2626767 [interfaces.py:start():190] Started network monitoring
2024-01-10 17:00:14,410 DEBUG   HandlerThread:2626767 [system_info.py:probe():196] Probing system
2024-01-10 17:00:14,415 DEBUG   HandlerThread:2626767 [system_info.py:_probe_git():181] Probing git
2024-01-10 17:00:14,423 DEBUG   HandlerThread:2626767 [system_info.py:_probe_git():189] Probing git done
2024-01-10 17:00:14,423 DEBUG   HandlerThread:2626767 [system_info.py:probe():244] Probing system done
2024-01-10 17:00:14,423 DEBUG   HandlerThread:2626767 [system_monitor.py:probe():223] {'os': 'Linux-5.15.0-46-generic-x86_64-with-glibc2.17', 'python': '3.8.13', 'heartbeatAt': '2024-01-10T09:00:14.410640', 'startedAt': '2024-01-10T09:00:12.610015', 'docker': None, 'cuda': None, 'args': (), 'state': 'running', 'program': 'train.py', 'codePathLocal': 'train.py', 'codePath': 'train.py', 'git': {'remote': None, 'commit': '18c7fe0993c97a9f7a0f2252b6f7c1dee73e5c87'}, 'email': 'none', 'root': '/home/shangjian/code/Research/Multimodal & LLM/SLM', 'host': 'scau540-Song', 'username': 'shangjian', 'executable': '/home/shangjian/miniconda3/envs/pro/bin/python', 'cpu_count': 6, 'cpu_count_logical': 12, 'cpu_freq': {'current': 3.787083333333333, 'min': 2200.0, 'max': 3500.0}, 'cpu_freq_per_core': [{'current': 4.449, 'min': 2200.0, 'max': 3500.0}, {'current': 4.449, 'min': 2200.0, 'max': 3500.0}, {'current': 3.5, 'min': 2200.0, 'max': 3500.0}, {'current': 3.5, 'min': 2200.0, 'max': 3500.0}, {'current': 4.449, 'min': 2200.0, 'max': 3500.0}, {'current': 4.449, 'min': 2200.0, 'max': 3500.0}, {'current': 2.2, 'min': 2200.0, 'max': 3500.0}, {'current': 3.5, 'min': 2200.0, 'max': 3500.0}, {'current': 3.5, 'min': 2200.0, 'max': 3500.0}, {'current': 3.5, 'min': 2200.0, 'max': 3500.0}, {'current': 4.449, 'min': 2200.0, 'max': 3500.0}, {'current': 3.5, 'min': 2200.0, 'max': 3500.0}], 'disk': {'/': {'total': 5498.824867248535, 'used': 2542.088035583496}}, 'gpu': 'NVIDIA GeForce RTX 3090', 'gpu_count': 2, 'gpu_devices': [{'name': 'NVIDIA GeForce RTX 3090', 'memory_total': 25769803776}, {'name': 'NVIDIA GeForce RTX 3090', 'memory_total': 25769803776}], 'memory': {'total': 62.7276725769043}}
2024-01-10 17:00:14,424 INFO    HandlerThread:2626767 [system_monitor.py:probe():224] Finished collecting system info
2024-01-10 17:00:14,424 INFO    HandlerThread:2626767 [system_monitor.py:probe():227] Publishing system info
2024-01-10 17:00:14,424 DEBUG   HandlerThread:2626767 [system_info.py:_save_pip():52] Saving list of pip packages installed into the current environment
2024-01-10 17:00:14,424 DEBUG   HandlerThread:2626767 [system_info.py:_save_pip():68] Saving pip packages done
2024-01-10 17:00:14,424 DEBUG   HandlerThread:2626767 [system_info.py:_save_conda():75] Saving list of conda packages installed into the current environment
2024-01-10 17:00:14,694 INFO    Thread-12 :2626767 [dir_watcher.py:_on_file_created():271] file/dir created: /home/shangjian/code/Research/Multimodal & LLM/SLM/wandb/run-20240110_170012-waig1whn/files/conda-environment.yaml
2024-01-10 17:00:14,694 INFO    Thread-12 :2626767 [dir_watcher.py:_on_file_created():271] file/dir created: /home/shangjian/code/Research/Multimodal & LLM/SLM/wandb/run-20240110_170012-waig1whn/files/requirements.txt
2024-01-10 17:00:15,187 DEBUG   HandlerThread:2626767 [system_info.py:_save_conda():87] Saving conda packages done
2024-01-10 17:00:15,188 INFO    HandlerThread:2626767 [system_monitor.py:probe():229] Finished publishing system info
2024-01-10 17:00:15,193 DEBUG   SenderThread:2626767 [sender.py:send():380] send: files
2024-01-10 17:00:15,193 INFO    SenderThread:2626767 [sender.py:_save_file():1378] saving file wandb-metadata.json with policy now
2024-01-10 17:00:15,198 DEBUG   HandlerThread:2626767 [handler.py:handle_request():146] handle_request: stop_status
2024-01-10 17:00:15,198 DEBUG   SenderThread:2626767 [sender.py:send():380] send: telemetry
2024-01-10 17:00:15,198 DEBUG   HandlerThread:2626767 [handler.py:handle_request():146] handle_request: internal_messages
2024-01-10 17:00:15,198 DEBUG   SenderThread:2626767 [sender.py:send_request():407] send_request: stop_status
2024-01-10 17:00:15,693 INFO    Thread-12 :2626767 [dir_watcher.py:_on_file_modified():288] file/dir modified: /home/shangjian/code/Research/Multimodal & LLM/SLM/wandb/run-20240110_170012-waig1whn/files/conda-environment.yaml
2024-01-10 17:00:15,693 INFO    Thread-12 :2626767 [dir_watcher.py:_on_file_created():271] file/dir created: /home/shangjian/code/Research/Multimodal & LLM/SLM/wandb/run-20240110_170012-waig1whn/files/wandb-metadata.json
2024-01-10 17:00:15,721 ERROR   wandb-upload_0:2626767 [internal_api.py:upload_file():2556] upload_file exception https://storage.googleapis.com/wandb-production.appspot.com/520/huggingface/waig1whn/wandb-metadata.json?Expires=1704963615&GoogleAccessId=gorilla-files-url-signer-man%40wandb-production.iam.gserviceaccount.com&Signature=szq3gzoki9enVPoayYdPC69izwFeqkvE4JIt05851ry0RJrCe%2FZaWGMV%2B%2F7UW7VIsk%2BbX8tu5YsrzQTEZHEhHMF%2Bz1IrcfX9oJ509QlCwYmNpny6dwRHQanqVN8zNn9VCPfPdc9BxFXecUnTtYu%2BukrY9aKBi8yzlj%2F0MInsEyfb2D7HfNGi5lBEY9SwTxwyWvwitl1PNOo%2Bc4Onyus%2BLVpkEHt8TJRkG6KnTh3ral%2BwJ72ncWz0UTbyLdzEzBym4WjGWHX6oUGjXrYuhlv2PAR61uURbCGZuLYcnQhCFXnCa%2FeGrXXXNqIwBsc2zCA12eeZ%2FM%2BiUWYYRgEnxI%2BIbQ%3D%3D: ('Connection aborted.', ConnectionResetError(104, 'Connection reset by peer'))
2024-01-10 17:00:15,721 ERROR   wandb-upload_0:2626767 [internal_api.py:upload_file():2558] upload_file request headers: {'User-Agent': 'python-requests/2.31.0', 'Accept-Encoding': 'gzip, deflate', 'Accept': '*/*', 'Connection': 'keep-alive', 'Content-Length': '2571'}
2024-01-10 17:00:15,721 ERROR   wandb-upload_0:2626767 [internal_api.py:upload_file():2560] upload_file response body: 
2024-01-10 17:00:15,825 DEBUG   SenderThread:2626767 [sender.py:send():380] send: config
2024-01-10 17:00:15,826 DEBUG   SenderThread:2626767 [sender.py:send():380] send: metric
2024-01-10 17:00:15,826 DEBUG   SenderThread:2626767 [sender.py:send():380] send: telemetry
2024-01-10 17:00:15,826 DEBUG   SenderThread:2626767 [sender.py:send():380] send: metric
2024-01-10 17:00:15,826 WARNING SenderThread:2626767 [sender.py:send_metric():1329] Seen metric with glob (shouldn't happen)
2024-01-10 17:00:15,826 DEBUG   SenderThread:2626767 [sender.py:send():380] send: telemetry
2024-01-10 17:00:16,693 INFO    Thread-12 :2626767 [dir_watcher.py:_on_file_created():271] file/dir created: /home/shangjian/code/Research/Multimodal & LLM/SLM/wandb/run-20240110_170012-waig1whn/files/output.log
2024-01-10 17:00:16,837 ERROR   wandb-upload_0:2626767 [internal_api.py:upload_file():2556] upload_file exception https://storage.googleapis.com/wandb-production.appspot.com/520/huggingface/waig1whn/wandb-metadata.json?Expires=1704963615&GoogleAccessId=gorilla-files-url-signer-man%40wandb-production.iam.gserviceaccount.com&Signature=szq3gzoki9enVPoayYdPC69izwFeqkvE4JIt05851ry0RJrCe%2FZaWGMV%2B%2F7UW7VIsk%2BbX8tu5YsrzQTEZHEhHMF%2Bz1IrcfX9oJ509QlCwYmNpny6dwRHQanqVN8zNn9VCPfPdc9BxFXecUnTtYu%2BukrY9aKBi8yzlj%2F0MInsEyfb2D7HfNGi5lBEY9SwTxwyWvwitl1PNOo%2Bc4Onyus%2BLVpkEHt8TJRkG6KnTh3ral%2BwJ72ncWz0UTbyLdzEzBym4WjGWHX6oUGjXrYuhlv2PAR61uURbCGZuLYcnQhCFXnCa%2FeGrXXXNqIwBsc2zCA12eeZ%2FM%2BiUWYYRgEnxI%2BIbQ%3D%3D: ('Connection aborted.', ConnectionResetError(104, 'Connection reset by peer'))
2024-01-10 17:00:16,837 ERROR   wandb-upload_0:2626767 [internal_api.py:upload_file():2558] upload_file request headers: {'User-Agent': 'python-requests/2.31.0', 'Accept-Encoding': 'gzip, deflate', 'Accept': '*/*', 'Connection': 'keep-alive', 'Content-Length': '2571'}
2024-01-10 17:00:16,838 ERROR   wandb-upload_0:2626767 [internal_api.py:upload_file():2560] upload_file response body: 
2024-01-10 17:00:17,827 DEBUG   HandlerThread:2626767 [handler.py:handle_request():146] handle_request: status_report
2024-01-10 17:00:18,694 INFO    Thread-12 :2626767 [dir_watcher.py:_on_file_modified():288] file/dir modified: /home/shangjian/code/Research/Multimodal & LLM/SLM/wandb/run-20240110_170012-waig1whn/files/output.log
2024-01-10 17:00:19,248 ERROR   wandb-upload_0:2626767 [internal_api.py:upload_file():2556] upload_file exception https://storage.googleapis.com/wandb-production.appspot.com/520/huggingface/waig1whn/wandb-metadata.json?Expires=1704963615&GoogleAccessId=gorilla-files-url-signer-man%40wandb-production.iam.gserviceaccount.com&Signature=szq3gzoki9enVPoayYdPC69izwFeqkvE4JIt05851ry0RJrCe%2FZaWGMV%2B%2F7UW7VIsk%2BbX8tu5YsrzQTEZHEhHMF%2Bz1IrcfX9oJ509QlCwYmNpny6dwRHQanqVN8zNn9VCPfPdc9BxFXecUnTtYu%2BukrY9aKBi8yzlj%2F0MInsEyfb2D7HfNGi5lBEY9SwTxwyWvwitl1PNOo%2Bc4Onyus%2BLVpkEHt8TJRkG6KnTh3ral%2BwJ72ncWz0UTbyLdzEzBym4WjGWHX6oUGjXrYuhlv2PAR61uURbCGZuLYcnQhCFXnCa%2FeGrXXXNqIwBsc2zCA12eeZ%2FM%2BiUWYYRgEnxI%2BIbQ%3D%3D: ('Connection aborted.', ConnectionResetError(104, 'Connection reset by peer'))
2024-01-10 17:00:19,249 ERROR   wandb-upload_0:2626767 [internal_api.py:upload_file():2558] upload_file request headers: {'User-Agent': 'python-requests/2.31.0', 'Accept-Encoding': 'gzip, deflate', 'Accept': '*/*', 'Connection': 'keep-alive', 'Content-Length': '2571'}
2024-01-10 17:00:19,249 ERROR   wandb-upload_0:2626767 [internal_api.py:upload_file():2560] upload_file response body: 
2024-01-10 17:00:19,249 INFO    wandb-upload_0:2626767 [retry.py:__call__():172] Retry attempt failed:
Traceback (most recent call last):
  File "/home/shangjian/miniconda3/envs/pro/lib/python3.8/site-packages/urllib3/connectionpool.py", line 715, in urlopen
    httplib_response = self._make_request(
  File "/home/shangjian/miniconda3/envs/pro/lib/python3.8/site-packages/urllib3/connectionpool.py", line 404, in _make_request
    self._validate_conn(conn)
  File "/home/shangjian/miniconda3/envs/pro/lib/python3.8/site-packages/urllib3/connectionpool.py", line 1058, in _validate_conn
    conn.connect()
  File "/home/shangjian/miniconda3/envs/pro/lib/python3.8/site-packages/urllib3/connection.py", line 419, in connect
    self.sock = ssl_wrap_socket(
  File "/home/shangjian/miniconda3/envs/pro/lib/python3.8/site-packages/urllib3/util/ssl_.py", line 449, in ssl_wrap_socket
    ssl_sock = _ssl_wrap_socket_impl(
  File "/home/shangjian/miniconda3/envs/pro/lib/python3.8/site-packages/urllib3/util/ssl_.py", line 493, in _ssl_wrap_socket_impl
    return ssl_context.wrap_socket(sock, server_hostname=server_hostname)
  File "/home/shangjian/miniconda3/envs/pro/lib/python3.8/ssl.py", line 500, in wrap_socket
    return self.sslsocket_class._create(
  File "/home/shangjian/miniconda3/envs/pro/lib/python3.8/ssl.py", line 1040, in _create
    self.do_handshake()
  File "/home/shangjian/miniconda3/envs/pro/lib/python3.8/ssl.py", line 1309, in do_handshake
    self._sslobj.do_handshake()
ConnectionResetError: [Errno 104] Connection reset by peer

During handling of the above exception, another exception occurred:

Traceback (most recent call last):
  File "/home/shangjian/miniconda3/envs/pro/lib/python3.8/site-packages/requests/adapters.py", line 486, in send
    resp = conn.urlopen(
  File "/home/shangjian/miniconda3/envs/pro/lib/python3.8/site-packages/urllib3/connectionpool.py", line 799, in urlopen
    retries = retries.increment(
  File "/home/shangjian/miniconda3/envs/pro/lib/python3.8/site-packages/urllib3/util/retry.py", line 550, in increment
    raise six.reraise(type(error), error, _stacktrace)
  File "/home/shangjian/miniconda3/envs/pro/lib/python3.8/site-packages/urllib3/packages/six.py", line 769, in reraise
    raise value.with_traceback(tb)
  File "/home/shangjian/miniconda3/envs/pro/lib/python3.8/site-packages/urllib3/connectionpool.py", line 715, in urlopen
    httplib_response = self._make_request(
  File "/home/shangjian/miniconda3/envs/pro/lib/python3.8/site-packages/urllib3/connectionpool.py", line 404, in _make_request
    self._validate_conn(conn)
  File "/home/shangjian/miniconda3/envs/pro/lib/python3.8/site-packages/urllib3/connectionpool.py", line 1058, in _validate_conn
    conn.connect()
  File "/home/shangjian/miniconda3/envs/pro/lib/python3.8/site-packages/urllib3/connection.py", line 419, in connect
    self.sock = ssl_wrap_socket(
  File "/home/shangjian/miniconda3/envs/pro/lib/python3.8/site-packages/urllib3/util/ssl_.py", line 449, in ssl_wrap_socket
    ssl_sock = _ssl_wrap_socket_impl(
  File "/home/shangjian/miniconda3/envs/pro/lib/python3.8/site-packages/urllib3/util/ssl_.py", line 493, in _ssl_wrap_socket_impl
    return ssl_context.wrap_socket(sock, server_hostname=server_hostname)
  File "/home/shangjian/miniconda3/envs/pro/lib/python3.8/ssl.py", line 500, in wrap_socket
    return self.sslsocket_class._create(
  File "/home/shangjian/miniconda3/envs/pro/lib/python3.8/ssl.py", line 1040, in _create
    self.do_handshake()
  File "/home/shangjian/miniconda3/envs/pro/lib/python3.8/ssl.py", line 1309, in do_handshake
    self._sslobj.do_handshake()
urllib3.exceptions.ProtocolError: ('Connection aborted.', ConnectionResetError(104, 'Connection reset by peer'))

During handling of the above exception, another exception occurred:

Traceback (most recent call last):
  File "/home/shangjian/miniconda3/envs/pro/lib/python3.8/site-packages/wandb/sdk/internal/internal_api.py", line 2549, in upload_file
    response = self._upload_file_session.put(
  File "/home/shangjian/miniconda3/envs/pro/lib/python3.8/site-packages/requests/sessions.py", line 649, in put
    return self.request("PUT", url, data=data, **kwargs)
  File "/home/shangjian/miniconda3/envs/pro/lib/python3.8/site-packages/requests/sessions.py", line 589, in request
    resp = self.send(prep, **send_kwargs)
  File "/home/shangjian/miniconda3/envs/pro/lib/python3.8/site-packages/requests/sessions.py", line 703, in send
    r = adapter.send(request, **kwargs)
  File "/home/shangjian/miniconda3/envs/pro/lib/python3.8/site-packages/requests/adapters.py", line 501, in send
    raise ConnectionError(err, request=request)
requests.exceptions.ConnectionError: ('Connection aborted.', ConnectionResetError(104, 'Connection reset by peer'))

During handling of the above exception, another exception occurred:

Traceback (most recent call last):
  File "/home/shangjian/miniconda3/envs/pro/lib/python3.8/site-packages/wandb/sdk/lib/retry.py", line 131, in __call__
    result = self._call_fn(*args, **kwargs)
  File "/home/shangjian/miniconda3/envs/pro/lib/python3.8/site-packages/wandb/sdk/internal/internal_api.py", line 2580, in upload_file
    raise _e.with_traceback(sys.exc_info()[2])
  File "/home/shangjian/miniconda3/envs/pro/lib/python3.8/site-packages/wandb/sdk/internal/internal_api.py", line 2549, in upload_file
    response = self._upload_file_session.put(
  File "/home/shangjian/miniconda3/envs/pro/lib/python3.8/site-packages/requests/sessions.py", line 649, in put
    return self.request("PUT", url, data=data, **kwargs)
  File "/home/shangjian/miniconda3/envs/pro/lib/python3.8/site-packages/requests/sessions.py", line 589, in request
    resp = self.send(prep, **send_kwargs)
  File "/home/shangjian/miniconda3/envs/pro/lib/python3.8/site-packages/requests/sessions.py", line 703, in send
    r = adapter.send(request, **kwargs)
  File "/home/shangjian/miniconda3/envs/pro/lib/python3.8/site-packages/requests/adapters.py", line 501, in send
    raise ConnectionError(err, request=request)
wandb.sdk.lib.retry.TransientError: None
2024-01-10 17:00:20,694 INFO    Thread-12 :2626767 [dir_watcher.py:_on_file_modified():288] file/dir modified: /home/shangjian/code/Research/Multimodal & LLM/SLM/wandb/run-20240110_170012-waig1whn/files/output.log
2024-01-10 17:00:22,695 INFO    Thread-12 :2626767 [dir_watcher.py:_on_file_modified():288] file/dir modified: /home/shangjian/code/Research/Multimodal & LLM/SLM/wandb/run-20240110_170012-waig1whn/files/output.log
2024-01-10 17:00:23,394 DEBUG   HandlerThread:2626767 [handler.py:handle_request():146] handle_request: status_report
2024-01-10 17:00:23,832 ERROR   wandb-upload_0:2626767 [internal_api.py:upload_file():2556] upload_file exception https://storage.googleapis.com/wandb-production.appspot.com/520/huggingface/waig1whn/wandb-metadata.json?Expires=1704963615&GoogleAccessId=gorilla-files-url-signer-man%40wandb-production.iam.gserviceaccount.com&Signature=szq3gzoki9enVPoayYdPC69izwFeqkvE4JIt05851ry0RJrCe%2FZaWGMV%2B%2F7UW7VIsk%2BbX8tu5YsrzQTEZHEhHMF%2Bz1IrcfX9oJ509QlCwYmNpny6dwRHQanqVN8zNn9VCPfPdc9BxFXecUnTtYu%2BukrY9aKBi8yzlj%2F0MInsEyfb2D7HfNGi5lBEY9SwTxwyWvwitl1PNOo%2Bc4Onyus%2BLVpkEHt8TJRkG6KnTh3ral%2BwJ72ncWz0UTbyLdzEzBym4WjGWHX6oUGjXrYuhlv2PAR61uURbCGZuLYcnQhCFXnCa%2FeGrXXXNqIwBsc2zCA12eeZ%2FM%2BiUWYYRgEnxI%2BIbQ%3D%3D: ('Connection aborted.', ConnectionResetError(104, 'Connection reset by peer'))
2024-01-10 17:00:23,832 ERROR   wandb-upload_0:2626767 [internal_api.py:upload_file():2558] upload_file request headers: {'User-Agent': 'python-requests/2.31.0', 'Accept-Encoding': 'gzip, deflate', 'Accept': '*/*', 'Connection': 'keep-alive', 'Content-Length': '2571'}
2024-01-10 17:00:23,832 ERROR   wandb-upload_0:2626767 [internal_api.py:upload_file():2560] upload_file response body: 
2024-01-10 17:00:24,695 INFO    Thread-12 :2626767 [dir_watcher.py:_on_file_modified():288] file/dir modified: /home/shangjian/code/Research/Multimodal & LLM/SLM/wandb/run-20240110_170012-waig1whn/files/output.log
2024-01-10 17:00:26,696 INFO    Thread-12 :2626767 [dir_watcher.py:_on_file_modified():288] file/dir modified: /home/shangjian/code/Research/Multimodal & LLM/SLM/wandb/run-20240110_170012-waig1whn/files/output.log
2024-01-10 17:00:28,696 INFO    Thread-12 :2626767 [dir_watcher.py:_on_file_modified():288] file/dir modified: /home/shangjian/code/Research/Multimodal & LLM/SLM/wandb/run-20240110_170012-waig1whn/files/output.log
2024-01-10 17:00:29,128 DEBUG   HandlerThread:2626767 [handler.py:handle_request():146] handle_request: status_report
2024-01-10 17:00:30,197 DEBUG   HandlerThread:2626767 [handler.py:handle_request():146] handle_request: stop_status
2024-01-10 17:00:30,197 DEBUG   HandlerThread:2626767 [handler.py:handle_request():146] handle_request: internal_messages
2024-01-10 17:00:30,197 DEBUG   SenderThread:2626767 [sender.py:send_request():407] send_request: stop_status
2024-01-10 17:00:30,700 INFO    Thread-12 :2626767 [dir_watcher.py:_on_file_modified():288] file/dir modified: /home/shangjian/code/Research/Multimodal & LLM/SLM/wandb/run-20240110_170012-waig1whn/files/output.log
2024-01-10 17:00:32,700 INFO    Thread-12 :2626767 [dir_watcher.py:_on_file_modified():288] file/dir modified: /home/shangjian/code/Research/Multimodal & LLM/SLM/wandb/run-20240110_170012-waig1whn/files/output.log
2024-01-10 17:00:33,008 ERROR   wandb-upload_0:2626767 [internal_api.py:upload_file():2556] upload_file exception https://storage.googleapis.com/wandb-production.appspot.com/520/huggingface/waig1whn/wandb-metadata.json?Expires=1704963615&GoogleAccessId=gorilla-files-url-signer-man%40wandb-production.iam.gserviceaccount.com&Signature=szq3gzoki9enVPoayYdPC69izwFeqkvE4JIt05851ry0RJrCe%2FZaWGMV%2B%2F7UW7VIsk%2BbX8tu5YsrzQTEZHEhHMF%2Bz1IrcfX9oJ509QlCwYmNpny6dwRHQanqVN8zNn9VCPfPdc9BxFXecUnTtYu%2BukrY9aKBi8yzlj%2F0MInsEyfb2D7HfNGi5lBEY9SwTxwyWvwitl1PNOo%2Bc4Onyus%2BLVpkEHt8TJRkG6KnTh3ral%2BwJ72ncWz0UTbyLdzEzBym4WjGWHX6oUGjXrYuhlv2PAR61uURbCGZuLYcnQhCFXnCa%2FeGrXXXNqIwBsc2zCA12eeZ%2FM%2BiUWYYRgEnxI%2BIbQ%3D%3D: ('Connection aborted.', ConnectionResetError(104, 'Connection reset by peer'))
2024-01-10 17:00:33,008 ERROR   wandb-upload_0:2626767 [internal_api.py:upload_file():2558] upload_file request headers: {'User-Agent': 'python-requests/2.31.0', 'Accept-Encoding': 'gzip, deflate', 'Accept': '*/*', 'Connection': 'keep-alive', 'Content-Length': '2571'}
2024-01-10 17:00:33,008 ERROR   wandb-upload_0:2626767 [internal_api.py:upload_file():2560] upload_file response body: 
2024-01-10 17:00:34,692 DEBUG   HandlerThread:2626767 [handler.py:handle_request():146] handle_request: status_report
2024-01-10 17:00:34,701 INFO    Thread-12 :2626767 [dir_watcher.py:_on_file_modified():288] file/dir modified: /home/shangjian/code/Research/Multimodal & LLM/SLM/wandb/run-20240110_170012-waig1whn/files/output.log
2024-01-10 17:00:36,701 INFO    Thread-12 :2626767 [dir_watcher.py:_on_file_modified():288] file/dir modified: /home/shangjian/code/Research/Multimodal & LLM/SLM/wandb/run-20240110_170012-waig1whn/files/output.log
2024-01-10 17:00:38,702 INFO    Thread-12 :2626767 [dir_watcher.py:_on_file_modified():288] file/dir modified: /home/shangjian/code/Research/Multimodal & LLM/SLM/wandb/run-20240110_170012-waig1whn/files/output.log
2024-01-10 17:00:40,246 DEBUG   HandlerThread:2626767 [handler.py:handle_request():146] handle_request: status_report
2024-01-10 17:00:40,707 INFO    Thread-12 :2626767 [dir_watcher.py:_on_file_modified():288] file/dir modified: /home/shangjian/code/Research/Multimodal & LLM/SLM/wandb/run-20240110_170012-waig1whn/files/output.log
2024-01-10 17:00:42,708 INFO    Thread-12 :2626767 [dir_watcher.py:_on_file_modified():288] file/dir modified: /home/shangjian/code/Research/Multimodal & LLM/SLM/wandb/run-20240110_170012-waig1whn/files/output.log
2024-01-10 17:00:44,708 INFO    Thread-12 :2626767 [dir_watcher.py:_on_file_modified():288] file/dir modified: /home/shangjian/code/Research/Multimodal & LLM/SLM/wandb/run-20240110_170012-waig1whn/files/output.log
2024-01-10 17:00:45,201 DEBUG   HandlerThread:2626767 [handler.py:handle_request():146] handle_request: stop_status
2024-01-10 17:00:45,201 DEBUG   SenderThread:2626767 [sender.py:send_request():407] send_request: stop_status
2024-01-10 17:00:45,208 DEBUG   HandlerThread:2626767 [handler.py:handle_request():146] handle_request: internal_messages
2024-01-10 17:00:45,443 DEBUG   HandlerThread:2626767 [handler.py:handle_request():146] handle_request: status_report
2024-01-10 17:00:46,710 INFO    Thread-12 :2626767 [dir_watcher.py:_on_file_modified():288] file/dir modified: /home/shangjian/code/Research/Multimodal & LLM/SLM/wandb/run-20240110_170012-waig1whn/files/config.yaml
2024-01-10 17:00:46,710 INFO    Thread-12 :2626767 [dir_watcher.py:_on_file_modified():288] file/dir modified: /home/shangjian/code/Research/Multimodal & LLM/SLM/wandb/run-20240110_170012-waig1whn/files/output.log
2024-01-10 17:00:48,710 INFO    Thread-12 :2626767 [dir_watcher.py:_on_file_modified():288] file/dir modified: /home/shangjian/code/Research/Multimodal & LLM/SLM/wandb/run-20240110_170012-waig1whn/files/output.log
2024-01-10 17:00:50,711 INFO    Thread-12 :2626767 [dir_watcher.py:_on_file_modified():288] file/dir modified: /home/shangjian/code/Research/Multimodal & LLM/SLM/wandb/run-20240110_170012-waig1whn/files/output.log
2024-01-10 17:00:51,384 DEBUG   HandlerThread:2626767 [handler.py:handle_request():146] handle_request: status_report
2024-01-10 17:00:52,451 ERROR   wandb-upload_0:2626767 [internal_api.py:upload_file():2556] upload_file exception https://storage.googleapis.com/wandb-production.appspot.com/520/huggingface/waig1whn/wandb-metadata.json?Expires=1704963615&GoogleAccessId=gorilla-files-url-signer-man%40wandb-production.iam.gserviceaccount.com&Signature=szq3gzoki9enVPoayYdPC69izwFeqkvE4JIt05851ry0RJrCe%2FZaWGMV%2B%2F7UW7VIsk%2BbX8tu5YsrzQTEZHEhHMF%2Bz1IrcfX9oJ509QlCwYmNpny6dwRHQanqVN8zNn9VCPfPdc9BxFXecUnTtYu%2BukrY9aKBi8yzlj%2F0MInsEyfb2D7HfNGi5lBEY9SwTxwyWvwitl1PNOo%2Bc4Onyus%2BLVpkEHt8TJRkG6KnTh3ral%2BwJ72ncWz0UTbyLdzEzBym4WjGWHX6oUGjXrYuhlv2PAR61uURbCGZuLYcnQhCFXnCa%2FeGrXXXNqIwBsc2zCA12eeZ%2FM%2BiUWYYRgEnxI%2BIbQ%3D%3D: ('Connection aborted.', ConnectionResetError(104, 'Connection reset by peer'))
2024-01-10 17:00:52,451 ERROR   wandb-upload_0:2626767 [internal_api.py:upload_file():2558] upload_file request headers: {'User-Agent': 'python-requests/2.31.0', 'Accept-Encoding': 'gzip, deflate', 'Accept': '*/*', 'Connection': 'keep-alive', 'Content-Length': '2571'}
2024-01-10 17:00:52,451 ERROR   wandb-upload_0:2626767 [internal_api.py:upload_file():2560] upload_file response body: 
2024-01-10 17:00:52,712 INFO    Thread-12 :2626767 [dir_watcher.py:_on_file_modified():288] file/dir modified: /home/shangjian/code/Research/Multimodal & LLM/SLM/wandb/run-20240110_170012-waig1whn/files/output.log
2024-01-10 17:00:54,716 INFO    Thread-12 :2626767 [dir_watcher.py:_on_file_modified():288] file/dir modified: /home/shangjian/code/Research/Multimodal & LLM/SLM/wandb/run-20240110_170012-waig1whn/files/output.log
2024-01-10 17:00:55,307 DEBUG   HandlerThread:2626767 [handler.py:handle_request():146] handle_request: partial_history
2024-01-10 17:00:55,308 DEBUG   SenderThread:2626767 [sender.py:send():380] send: metric
2024-01-10 17:00:55,309 DEBUG   SenderThread:2626767 [sender.py:send():380] send: metric
2024-01-10 17:00:55,309 DEBUG   SenderThread:2626767 [sender.py:send():380] send: metric
2024-01-10 17:00:55,309 DEBUG   SenderThread:2626767 [sender.py:send():380] send: history
2024-01-10 17:00:55,309 DEBUG   SenderThread:2626767 [sender.py:send_request():407] send_request: summary_record
2024-01-10 17:00:55,309 INFO    SenderThread:2626767 [sender.py:_save_file():1378] saving file wandb-summary.json with policy end
2024-01-10 17:00:55,716 INFO    Thread-12 :2626767 [dir_watcher.py:_on_file_created():271] file/dir created: /home/shangjian/code/Research/Multimodal & LLM/SLM/wandb/run-20240110_170012-waig1whn/files/wandb-summary.json
2024-01-10 17:00:56,716 INFO    Thread-12 :2626767 [dir_watcher.py:_on_file_modified():288] file/dir modified: /home/shangjian/code/Research/Multimodal & LLM/SLM/wandb/run-20240110_170012-waig1whn/files/output.log
2024-01-10 17:00:56,946 DEBUG   HandlerThread:2626767 [handler.py:handle_request():146] handle_request: status_report
2024-01-10 17:00:57,716 INFO    Thread-12 :2626767 [dir_watcher.py:_on_file_modified():288] file/dir modified: /home/shangjian/code/Research/Multimodal & LLM/SLM/wandb/run-20240110_170012-waig1whn/files/output.log
2024-01-10 17:00:58,717 INFO    Thread-12 :2626767 [dir_watcher.py:_on_file_modified():288] file/dir modified: /home/shangjian/code/Research/Multimodal & LLM/SLM/wandb/run-20240110_170012-waig1whn/files/output.log
2024-01-10 17:01:00,199 DEBUG   HandlerThread:2626767 [handler.py:handle_request():146] handle_request: stop_status
2024-01-10 17:01:00,199 DEBUG   SenderThread:2626767 [sender.py:send_request():407] send_request: stop_status
2024-01-10 17:01:00,199 DEBUG   HandlerThread:2626767 [handler.py:handle_request():146] handle_request: internal_messages
2024-01-10 17:01:00,717 INFO    Thread-12 :2626767 [dir_watcher.py:_on_file_modified():288] file/dir modified: /home/shangjian/code/Research/Multimodal & LLM/SLM/wandb/run-20240110_170012-waig1whn/files/output.log
2024-01-10 17:01:01,966 DEBUG   HandlerThread:2626767 [handler.py:handle_request():146] handle_request: status_report
2024-01-10 17:01:02,718 INFO    Thread-12 :2626767 [dir_watcher.py:_on_file_modified():288] file/dir modified: /home/shangjian/code/Research/Multimodal & LLM/SLM/wandb/run-20240110_170012-waig1whn/files/output.log
2024-01-10 17:01:04,719 INFO    Thread-12 :2626767 [dir_watcher.py:_on_file_modified():288] file/dir modified: /home/shangjian/code/Research/Multimodal & LLM/SLM/wandb/run-20240110_170012-waig1whn/files/output.log
2024-01-10 17:01:06,719 INFO    Thread-12 :2626767 [dir_watcher.py:_on_file_modified():288] file/dir modified: /home/shangjian/code/Research/Multimodal & LLM/SLM/wandb/run-20240110_170012-waig1whn/files/output.log
2024-01-10 17:01:07,221 DEBUG   HandlerThread:2626767 [handler.py:handle_request():146] handle_request: status_report
2024-01-10 17:01:08,720 INFO    Thread-12 :2626767 [dir_watcher.py:_on_file_modified():288] file/dir modified: /home/shangjian/code/Research/Multimodal & LLM/SLM/wandb/run-20240110_170012-waig1whn/files/output.log
2024-01-10 17:01:10,720 INFO    Thread-12 :2626767 [dir_watcher.py:_on_file_modified():288] file/dir modified: /home/shangjian/code/Research/Multimodal & LLM/SLM/wandb/run-20240110_170012-waig1whn/files/output.log
2024-01-10 17:01:12,721 INFO    Thread-12 :2626767 [dir_watcher.py:_on_file_modified():288] file/dir modified: /home/shangjian/code/Research/Multimodal & LLM/SLM/wandb/run-20240110_170012-waig1whn/files/output.log
2024-01-10 17:01:12,760 DEBUG   HandlerThread:2626767 [handler.py:handle_request():146] handle_request: status_report
2024-01-10 17:01:14,383 DEBUG   SystemMonitor:2626767 [system_monitor.py:_start():172] Starting system metrics aggregation loop
2024-01-10 17:01:14,384 DEBUG   SenderThread:2626767 [sender.py:send():380] send: stats
2024-01-10 17:01:14,721 INFO    Thread-12 :2626767 [dir_watcher.py:_on_file_modified():288] file/dir modified: /home/shangjian/code/Research/Multimodal & LLM/SLM/wandb/run-20240110_170012-waig1whn/files/output.log
2024-01-10 17:01:15,199 DEBUG   HandlerThread:2626767 [handler.py:handle_request():146] handle_request: stop_status
2024-01-10 17:01:15,199 DEBUG   HandlerThread:2626767 [handler.py:handle_request():146] handle_request: internal_messages
2024-01-10 17:01:15,199 DEBUG   SenderThread:2626767 [sender.py:send_request():407] send_request: stop_status
2024-01-10 17:01:16,722 INFO    Thread-12 :2626767 [dir_watcher.py:_on_file_modified():288] file/dir modified: /home/shangjian/code/Research/Multimodal & LLM/SLM/wandb/run-20240110_170012-waig1whn/files/output.log
2024-01-10 17:01:18,051 DEBUG   HandlerThread:2626767 [handler.py:handle_request():146] handle_request: status_report
2024-01-10 17:01:18,722 INFO    Thread-12 :2626767 [dir_watcher.py:_on_file_modified():288] file/dir modified: /home/shangjian/code/Research/Multimodal & LLM/SLM/wandb/run-20240110_170012-waig1whn/files/config.yaml
2024-01-10 17:01:18,723 INFO    Thread-12 :2626767 [dir_watcher.py:_on_file_modified():288] file/dir modified: /home/shangjian/code/Research/Multimodal & LLM/SLM/wandb/run-20240110_170012-waig1whn/files/output.log
2024-01-10 17:01:20,723 INFO    Thread-12 :2626767 [dir_watcher.py:_on_file_modified():288] file/dir modified: /home/shangjian/code/Research/Multimodal & LLM/SLM/wandb/run-20240110_170012-waig1whn/files/output.log
2024-01-10 17:01:22,724 INFO    Thread-12 :2626767 [dir_watcher.py:_on_file_modified():288] file/dir modified: /home/shangjian/code/Research/Multimodal & LLM/SLM/wandb/run-20240110_170012-waig1whn/files/output.log
2024-01-10 17:01:24,042 DEBUG   HandlerThread:2626767 [handler.py:handle_request():146] handle_request: status_report
2024-01-10 17:01:24,725 INFO    Thread-12 :2626767 [dir_watcher.py:_on_file_modified():288] file/dir modified: /home/shangjian/code/Research/Multimodal & LLM/SLM/wandb/run-20240110_170012-waig1whn/files/output.log
2024-01-10 17:01:26,082 ERROR   wandb-upload_0:2626767 [internal_api.py:upload_file():2556] upload_file exception https://storage.googleapis.com/wandb-production.appspot.com/520/huggingface/waig1whn/wandb-metadata.json?Expires=1704963615&GoogleAccessId=gorilla-files-url-signer-man%40wandb-production.iam.gserviceaccount.com&Signature=szq3gzoki9enVPoayYdPC69izwFeqkvE4JIt05851ry0RJrCe%2FZaWGMV%2B%2F7UW7VIsk%2BbX8tu5YsrzQTEZHEhHMF%2Bz1IrcfX9oJ509QlCwYmNpny6dwRHQanqVN8zNn9VCPfPdc9BxFXecUnTtYu%2BukrY9aKBi8yzlj%2F0MInsEyfb2D7HfNGi5lBEY9SwTxwyWvwitl1PNOo%2Bc4Onyus%2BLVpkEHt8TJRkG6KnTh3ral%2BwJ72ncWz0UTbyLdzEzBym4WjGWHX6oUGjXrYuhlv2PAR61uURbCGZuLYcnQhCFXnCa%2FeGrXXXNqIwBsc2zCA12eeZ%2FM%2BiUWYYRgEnxI%2BIbQ%3D%3D: ('Connection aborted.', ConnectionResetError(104, 'Connection reset by peer'))
2024-01-10 17:01:26,082 ERROR   wandb-upload_0:2626767 [internal_api.py:upload_file():2558] upload_file request headers: {'User-Agent': 'python-requests/2.31.0', 'Accept-Encoding': 'gzip, deflate', 'Accept': '*/*', 'Connection': 'keep-alive', 'Content-Length': '2571'}
2024-01-10 17:01:26,082 ERROR   wandb-upload_0:2626767 [internal_api.py:upload_file():2560] upload_file response body: 
2024-01-10 17:01:26,725 INFO    Thread-12 :2626767 [dir_watcher.py:_on_file_modified():288] file/dir modified: /home/shangjian/code/Research/Multimodal & LLM/SLM/wandb/run-20240110_170012-waig1whn/files/output.log
2024-01-10 17:01:28,726 INFO    Thread-12 :2626767 [dir_watcher.py:_on_file_modified():288] file/dir modified: /home/shangjian/code/Research/Multimodal & LLM/SLM/wandb/run-20240110_170012-waig1whn/files/output.log
2024-01-10 17:01:29,738 DEBUG   HandlerThread:2626767 [handler.py:handle_request():146] handle_request: status_report
2024-01-10 17:01:30,199 DEBUG   HandlerThread:2626767 [handler.py:handle_request():146] handle_request: stop_status
2024-01-10 17:01:30,199 DEBUG   HandlerThread:2626767 [handler.py:handle_request():146] handle_request: internal_messages
2024-01-10 17:01:30,200 DEBUG   SenderThread:2626767 [sender.py:send_request():407] send_request: stop_status
2024-01-10 17:01:30,726 INFO    Thread-12 :2626767 [dir_watcher.py:_on_file_modified():288] file/dir modified: /home/shangjian/code/Research/Multimodal & LLM/SLM/wandb/run-20240110_170012-waig1whn/files/output.log
2024-01-10 17:01:32,327 DEBUG   HandlerThread:2626767 [handler.py:handle_request():146] handle_request: partial_history
2024-01-10 17:01:32,328 DEBUG   SenderThread:2626767 [sender.py:send():380] send: history
2024-01-10 17:01:32,328 DEBUG   SenderThread:2626767 [sender.py:send_request():407] send_request: summary_record
2024-01-10 17:01:32,328 INFO    SenderThread:2626767 [sender.py:_save_file():1378] saving file wandb-summary.json with policy end
2024-01-10 17:01:32,727 INFO    Thread-12 :2626767 [dir_watcher.py:_on_file_modified():288] file/dir modified: /home/shangjian/code/Research/Multimodal & LLM/SLM/wandb/run-20240110_170012-waig1whn/files/wandb-summary.json
2024-01-10 17:01:32,727 INFO    Thread-12 :2626767 [dir_watcher.py:_on_file_modified():288] file/dir modified: /home/shangjian/code/Research/Multimodal & LLM/SLM/wandb/run-20240110_170012-waig1whn/files/output.log
2024-01-10 17:01:33,727 INFO    Thread-12 :2626767 [dir_watcher.py:_on_file_modified():288] file/dir modified: /home/shangjian/code/Research/Multimodal & LLM/SLM/wandb/run-20240110_170012-waig1whn/files/output.log
2024-01-10 17:01:34,727 INFO    Thread-12 :2626767 [dir_watcher.py:_on_file_modified():288] file/dir modified: /home/shangjian/code/Research/Multimodal & LLM/SLM/wandb/run-20240110_170012-waig1whn/files/output.log
2024-01-10 17:01:35,246 DEBUG   HandlerThread:2626767 [handler.py:handle_request():146] handle_request: status_report
2024-01-10 17:01:36,728 INFO    Thread-12 :2626767 [dir_watcher.py:_on_file_modified():288] file/dir modified: /home/shangjian/code/Research/Multimodal & LLM/SLM/wandb/run-20240110_170012-waig1whn/files/output.log
2024-01-10 17:01:38,728 INFO    Thread-12 :2626767 [dir_watcher.py:_on_file_modified():288] file/dir modified: /home/shangjian/code/Research/Multimodal & LLM/SLM/wandb/run-20240110_170012-waig1whn/files/output.log
2024-01-10 17:01:40,729 INFO    Thread-12 :2626767 [dir_watcher.py:_on_file_modified():288] file/dir modified: /home/shangjian/code/Research/Multimodal & LLM/SLM/wandb/run-20240110_170012-waig1whn/files/output.log
2024-01-10 17:01:40,779 DEBUG   HandlerThread:2626767 [handler.py:handle_request():146] handle_request: status_report
2024-01-10 17:01:42,730 INFO    Thread-12 :2626767 [dir_watcher.py:_on_file_modified():288] file/dir modified: /home/shangjian/code/Research/Multimodal & LLM/SLM/wandb/run-20240110_170012-waig1whn/files/output.log
2024-01-10 17:01:44,384 DEBUG   SenderThread:2626767 [sender.py:send():380] send: stats
2024-01-10 17:01:44,730 INFO    Thread-12 :2626767 [dir_watcher.py:_on_file_modified():288] file/dir modified: /home/shangjian/code/Research/Multimodal & LLM/SLM/wandb/run-20240110_170012-waig1whn/files/output.log
2024-01-10 17:01:45,203 DEBUG   HandlerThread:2626767 [handler.py:handle_request():146] handle_request: internal_messages
2024-01-10 17:01:45,204 DEBUG   HandlerThread:2626767 [handler.py:handle_request():146] handle_request: stop_status
2024-01-10 17:01:45,204 DEBUG   SenderThread:2626767 [sender.py:send_request():407] send_request: stop_status
2024-01-10 17:01:46,380 DEBUG   HandlerThread:2626767 [handler.py:handle_request():146] handle_request: status_report
2024-01-10 17:01:46,731 INFO    Thread-12 :2626767 [dir_watcher.py:_on_file_modified():288] file/dir modified: /home/shangjian/code/Research/Multimodal & LLM/SLM/wandb/run-20240110_170012-waig1whn/files/output.log
2024-01-10 17:01:48,731 INFO    Thread-12 :2626767 [dir_watcher.py:_on_file_modified():288] file/dir modified: /home/shangjian/code/Research/Multimodal & LLM/SLM/wandb/run-20240110_170012-waig1whn/files/output.log
2024-01-10 17:01:50,732 INFO    Thread-12 :2626767 [dir_watcher.py:_on_file_modified():288] file/dir modified: /home/shangjian/code/Research/Multimodal & LLM/SLM/wandb/run-20240110_170012-waig1whn/files/output.log
2024-01-10 17:01:51,581 DEBUG   HandlerThread:2626767 [handler.py:handle_request():146] handle_request: status_report
2024-01-10 17:01:52,732 INFO    Thread-12 :2626767 [dir_watcher.py:_on_file_modified():288] file/dir modified: /home/shangjian/code/Research/Multimodal & LLM/SLM/wandb/run-20240110_170012-waig1whn/files/output.log
2024-01-10 17:01:54,733 INFO    Thread-12 :2626767 [dir_watcher.py:_on_file_modified():288] file/dir modified: /home/shangjian/code/Research/Multimodal & LLM/SLM/wandb/run-20240110_170012-waig1whn/files/output.log
2024-01-10 17:01:56,681 DEBUG   HandlerThread:2626767 [handler.py:handle_request():146] handle_request: status_report
2024-01-10 17:01:56,734 INFO    Thread-12 :2626767 [dir_watcher.py:_on_file_modified():288] file/dir modified: /home/shangjian/code/Research/Multimodal & LLM/SLM/wandb/run-20240110_170012-waig1whn/files/output.log
2024-01-10 17:01:58,734 INFO    Thread-12 :2626767 [dir_watcher.py:_on_file_modified():288] file/dir modified: /home/shangjian/code/Research/Multimodal & LLM/SLM/wandb/run-20240110_170012-waig1whn/files/output.log
2024-01-10 17:02:00,199 DEBUG   HandlerThread:2626767 [handler.py:handle_request():146] handle_request: internal_messages
2024-01-10 17:02:00,204 DEBUG   HandlerThread:2626767 [handler.py:handle_request():146] handle_request: stop_status
2024-01-10 17:02:00,204 DEBUG   SenderThread:2626767 [sender.py:send_request():407] send_request: stop_status
2024-01-10 17:02:00,735 INFO    Thread-12 :2626767 [dir_watcher.py:_on_file_modified():288] file/dir modified: /home/shangjian/code/Research/Multimodal & LLM/SLM/wandb/run-20240110_170012-waig1whn/files/output.log
2024-01-10 17:02:01,952 DEBUG   HandlerThread:2626767 [handler.py:handle_request():146] handle_request: status_report
2024-01-10 17:02:02,735 INFO    Thread-12 :2626767 [dir_watcher.py:_on_file_modified():288] file/dir modified: /home/shangjian/code/Research/Multimodal & LLM/SLM/wandb/run-20240110_170012-waig1whn/files/output.log
2024-01-10 17:02:04,736 INFO    Thread-12 :2626767 [dir_watcher.py:_on_file_modified():288] file/dir modified: /home/shangjian/code/Research/Multimodal & LLM/SLM/wandb/run-20240110_170012-waig1whn/files/output.log
2024-01-10 17:02:06,736 INFO    Thread-12 :2626767 [dir_watcher.py:_on_file_modified():288] file/dir modified: /home/shangjian/code/Research/Multimodal & LLM/SLM/wandb/run-20240110_170012-waig1whn/files/output.log
2024-01-10 17:02:06,992 DEBUG   HandlerThread:2626767 [handler.py:handle_request():146] handle_request: status_report
2024-01-10 17:02:08,737 INFO    Thread-12 :2626767 [dir_watcher.py:_on_file_modified():288] file/dir modified: /home/shangjian/code/Research/Multimodal & LLM/SLM/wandb/run-20240110_170012-waig1whn/files/output.log
2024-01-10 17:02:10,358 DEBUG   HandlerThread:2626767 [handler.py:handle_request():146] handle_request: partial_history
2024-01-10 17:02:10,358 DEBUG   SenderThread:2626767 [sender.py:send():380] send: history
2024-01-10 17:02:10,359 DEBUG   SenderThread:2626767 [sender.py:send_request():407] send_request: summary_record
2024-01-10 17:02:10,359 INFO    SenderThread:2626767 [sender.py:_save_file():1378] saving file wandb-summary.json with policy end
2024-01-10 17:02:10,737 INFO    Thread-12 :2626767 [dir_watcher.py:_on_file_modified():288] file/dir modified: /home/shangjian/code/Research/Multimodal & LLM/SLM/wandb/run-20240110_170012-waig1whn/files/wandb-summary.json
2024-01-10 17:02:10,738 INFO    Thread-12 :2626767 [dir_watcher.py:_on_file_modified():288] file/dir modified: /home/shangjian/code/Research/Multimodal & LLM/SLM/wandb/run-20240110_170012-waig1whn/files/output.log
2024-01-10 17:02:11,738 INFO    Thread-12 :2626767 [dir_watcher.py:_on_file_modified():288] file/dir modified: /home/shangjian/code/Research/Multimodal & LLM/SLM/wandb/run-20240110_170012-waig1whn/files/output.log
2024-01-10 17:02:12,602 DEBUG   HandlerThread:2626767 [handler.py:handle_request():146] handle_request: status_report
2024-01-10 17:02:12,738 INFO    Thread-12 :2626767 [dir_watcher.py:_on_file_modified():288] file/dir modified: /home/shangjian/code/Research/Multimodal & LLM/SLM/wandb/run-20240110_170012-waig1whn/files/output.log
2024-01-10 17:02:14,389 DEBUG   SenderThread:2626767 [sender.py:send():380] send: stats
2024-01-10 17:02:14,739 INFO    Thread-12 :2626767 [dir_watcher.py:_on_file_modified():288] file/dir modified: /home/shangjian/code/Research/Multimodal & LLM/SLM/wandb/run-20240110_170012-waig1whn/files/output.log
2024-01-10 17:02:15,199 DEBUG   HandlerThread:2626767 [handler.py:handle_request():146] handle_request: internal_messages
2024-01-10 17:02:15,203 DEBUG   HandlerThread:2626767 [handler.py:handle_request():146] handle_request: stop_status
2024-01-10 17:02:15,204 DEBUG   SenderThread:2626767 [sender.py:send_request():407] send_request: stop_status
2024-01-10 17:02:16,739 INFO    Thread-12 :2626767 [dir_watcher.py:_on_file_modified():288] file/dir modified: /home/shangjian/code/Research/Multimodal & LLM/SLM/wandb/run-20240110_170012-waig1whn/files/output.log
2024-01-10 17:02:18,241 DEBUG   HandlerThread:2626767 [handler.py:handle_request():146] handle_request: status_report
2024-01-10 17:02:18,740 INFO    Thread-12 :2626767 [dir_watcher.py:_on_file_modified():288] file/dir modified: /home/shangjian/code/Research/Multimodal & LLM/SLM/wandb/run-20240110_170012-waig1whn/files/output.log
2024-01-10 17:02:20,740 INFO    Thread-12 :2626767 [dir_watcher.py:_on_file_modified():288] file/dir modified: /home/shangjian/code/Research/Multimodal & LLM/SLM/wandb/run-20240110_170012-waig1whn/files/output.log
2024-01-10 17:02:22,741 INFO    Thread-12 :2626767 [dir_watcher.py:_on_file_modified():288] file/dir modified: /home/shangjian/code/Research/Multimodal & LLM/SLM/wandb/run-20240110_170012-waig1whn/files/output.log
2024-01-10 17:02:23,881 DEBUG   HandlerThread:2626767 [handler.py:handle_request():146] handle_request: status_report
2024-01-10 17:02:24,741 INFO    Thread-12 :2626767 [dir_watcher.py:_on_file_modified():288] file/dir modified: /home/shangjian/code/Research/Multimodal & LLM/SLM/wandb/run-20240110_170012-waig1whn/files/output.log
2024-01-10 17:02:26,742 INFO    Thread-12 :2626767 [dir_watcher.py:_on_file_modified():288] file/dir modified: /home/shangjian/code/Research/Multimodal & LLM/SLM/wandb/run-20240110_170012-waig1whn/files/output.log
2024-01-10 17:02:28,743 INFO    Thread-12 :2626767 [dir_watcher.py:_on_file_modified():288] file/dir modified: /home/shangjian/code/Research/Multimodal & LLM/SLM/wandb/run-20240110_170012-waig1whn/files/output.log
2024-01-10 17:02:28,903 DEBUG   HandlerThread:2626767 [handler.py:handle_request():146] handle_request: status_report
2024-01-10 17:02:30,200 DEBUG   HandlerThread:2626767 [handler.py:handle_request():146] handle_request: internal_messages
2024-01-10 17:02:30,247 DEBUG   HandlerThread:2626767 [handler.py:handle_request():146] handle_request: stop_status
2024-01-10 17:02:30,247 DEBUG   SenderThread:2626767 [sender.py:send_request():407] send_request: stop_status
2024-01-10 17:02:30,743 INFO    Thread-12 :2626767 [dir_watcher.py:_on_file_modified():288] file/dir modified: /home/shangjian/code/Research/Multimodal & LLM/SLM/wandb/run-20240110_170012-waig1whn/files/output.log
2024-01-10 17:02:32,744 INFO    Thread-12 :2626767 [dir_watcher.py:_on_file_modified():288] file/dir modified: /home/shangjian/code/Research/Multimodal & LLM/SLM/wandb/run-20240110_170012-waig1whn/files/output.log
2024-01-10 17:02:34,424 DEBUG   HandlerThread:2626767 [handler.py:handle_request():146] handle_request: status_report
2024-01-10 17:02:34,744 INFO    Thread-12 :2626767 [dir_watcher.py:_on_file_modified():288] file/dir modified: /home/shangjian/code/Research/Multimodal & LLM/SLM/wandb/run-20240110_170012-waig1whn/files/output.log
2024-01-10 17:02:36,745 INFO    Thread-12 :2626767 [dir_watcher.py:_on_file_modified():288] file/dir modified: /home/shangjian/code/Research/Multimodal & LLM/SLM/wandb/run-20240110_170012-waig1whn/files/output.log
2024-01-10 17:02:38,745 INFO    Thread-12 :2626767 [dir_watcher.py:_on_file_modified():288] file/dir modified: /home/shangjian/code/Research/Multimodal & LLM/SLM/wandb/run-20240110_170012-waig1whn/files/output.log
2024-01-10 17:02:39,931 DEBUG   HandlerThread:2626767 [handler.py:handle_request():146] handle_request: status_report
2024-01-10 17:02:40,746 INFO    Thread-12 :2626767 [dir_watcher.py:_on_file_modified():288] file/dir modified: /home/shangjian/code/Research/Multimodal & LLM/SLM/wandb/run-20240110_170012-waig1whn/files/output.log
2024-01-10 17:02:42,747 INFO    Thread-12 :2626767 [dir_watcher.py:_on_file_modified():288] file/dir modified: /home/shangjian/code/Research/Multimodal & LLM/SLM/wandb/run-20240110_170012-waig1whn/files/output.log
2024-01-10 17:02:44,386 DEBUG   SenderThread:2626767 [sender.py:send():380] send: stats
2024-01-10 17:02:44,747 INFO    Thread-12 :2626767 [dir_watcher.py:_on_file_modified():288] file/dir modified: /home/shangjian/code/Research/Multimodal & LLM/SLM/wandb/run-20240110_170012-waig1whn/files/output.log
2024-01-10 17:02:45,200 DEBUG   HandlerThread:2626767 [handler.py:handle_request():146] handle_request: internal_messages
2024-01-10 17:02:45,204 DEBUG   HandlerThread:2626767 [handler.py:handle_request():146] handle_request: status_report
2024-01-10 17:02:45,205 DEBUG   HandlerThread:2626767 [handler.py:handle_request():146] handle_request: stop_status
2024-01-10 17:02:45,205 DEBUG   SenderThread:2626767 [sender.py:send_request():407] send_request: stop_status
2024-01-10 17:02:45,707 INFO    wandb-upload_0:2626767 [upload_job.py:push():131] Uploaded file /tmp/tmpbgcqm0u6wandb/qi5dvdii-wandb-metadata.json
2024-01-10 17:02:46,748 INFO    Thread-12 :2626767 [dir_watcher.py:_on_file_modified():288] file/dir modified: /home/shangjian/code/Research/Multimodal & LLM/SLM/wandb/run-20240110_170012-waig1whn/files/output.log
2024-01-10 17:02:48,038 DEBUG   HandlerThread:2626767 [handler.py:handle_request():146] handle_request: partial_history
2024-01-10 17:02:48,039 DEBUG   SenderThread:2626767 [sender.py:send():380] send: history
2024-01-10 17:02:48,039 DEBUG   SenderThread:2626767 [sender.py:send_request():407] send_request: summary_record
2024-01-10 17:02:48,039 INFO    SenderThread:2626767 [sender.py:_save_file():1378] saving file wandb-summary.json with policy end
2024-01-10 17:02:48,044 DEBUG   HandlerThread:2626767 [handler.py:handle_request():146] handle_request: partial_history
2024-01-10 17:02:48,045 DEBUG   SenderThread:2626767 [sender.py:send():380] send: metric
2024-01-10 17:02:48,045 DEBUG   SenderThread:2626767 [sender.py:send():380] send: metric
2024-01-10 17:02:48,045 DEBUG   SenderThread:2626767 [sender.py:send():380] send: metric
2024-01-10 17:02:48,045 DEBUG   SenderThread:2626767 [sender.py:send():380] send: metric
2024-01-10 17:02:48,045 DEBUG   SenderThread:2626767 [sender.py:send():380] send: metric
2024-01-10 17:02:48,045 DEBUG   SenderThread:2626767 [sender.py:send():380] send: history
2024-01-10 17:02:48,045 DEBUG   SenderThread:2626767 [sender.py:send_request():407] send_request: summary_record
2024-01-10 17:02:48,046 INFO    SenderThread:2626767 [sender.py:_save_file():1378] saving file wandb-summary.json with policy end
2024-01-10 17:02:48,251 DEBUG   SenderThread:2626767 [sender.py:send():380] send: exit
2024-01-10 17:02:48,251 INFO    SenderThread:2626767 [sender.py:send_exit():585] handling exit code: 0
2024-01-10 17:02:48,251 INFO    SenderThread:2626767 [sender.py:send_exit():587] handling runtime: 153
2024-01-10 17:02:48,251 INFO    SenderThread:2626767 [sender.py:_save_file():1378] saving file wandb-summary.json with policy end
2024-01-10 17:02:48,251 INFO    SenderThread:2626767 [sender.py:send_exit():593] send defer
2024-01-10 17:02:48,252 DEBUG   HandlerThread:2626767 [handler.py:handle_request():146] handle_request: defer
2024-01-10 17:02:48,252 INFO    HandlerThread:2626767 [handler.py:handle_request_defer():172] handle defer: 0
2024-01-10 17:02:48,252 DEBUG   SenderThread:2626767 [sender.py:send_request():407] send_request: defer
2024-01-10 17:02:48,252 INFO    SenderThread:2626767 [sender.py:send_request_defer():609] handle sender defer: 0
2024-01-10 17:02:48,252 INFO    SenderThread:2626767 [sender.py:transition_state():613] send defer: 1
2024-01-10 17:02:48,252 DEBUG   HandlerThread:2626767 [handler.py:handle_request():146] handle_request: defer
2024-01-10 17:02:48,252 INFO    HandlerThread:2626767 [handler.py:handle_request_defer():172] handle defer: 1
2024-01-10 17:02:48,252 DEBUG   SenderThread:2626767 [sender.py:send_request():407] send_request: defer
2024-01-10 17:02:48,252 INFO    SenderThread:2626767 [sender.py:send_request_defer():609] handle sender defer: 1
2024-01-10 17:02:48,252 INFO    SenderThread:2626767 [sender.py:transition_state():613] send defer: 2
2024-01-10 17:02:48,252 DEBUG   HandlerThread:2626767 [handler.py:handle_request():146] handle_request: defer
2024-01-10 17:02:48,252 INFO    HandlerThread:2626767 [handler.py:handle_request_defer():172] handle defer: 2
2024-01-10 17:02:48,252 INFO    HandlerThread:2626767 [system_monitor.py:finish():203] Stopping system monitor
2024-01-10 17:02:48,252 DEBUG   SystemMonitor:2626767 [system_monitor.py:_start():179] Finished system metrics aggregation loop
2024-01-10 17:02:48,252 INFO    HandlerThread:2626767 [interfaces.py:finish():202] Joined cpu monitor
2024-01-10 17:02:48,252 DEBUG   SystemMonitor:2626767 [system_monitor.py:_start():183] Publishing last batch of metrics
2024-01-10 17:02:48,253 INFO    HandlerThread:2626767 [interfaces.py:finish():202] Joined disk monitor
2024-01-10 17:02:48,415 INFO    HandlerThread:2626767 [interfaces.py:finish():202] Joined gpu monitor
2024-01-10 17:02:48,415 INFO    HandlerThread:2626767 [interfaces.py:finish():202] Joined memory monitor
2024-01-10 17:02:48,415 INFO    HandlerThread:2626767 [interfaces.py:finish():202] Joined network monitor
2024-01-10 17:02:48,416 DEBUG   SenderThread:2626767 [sender.py:send_request():407] send_request: defer
2024-01-10 17:02:48,416 INFO    SenderThread:2626767 [sender.py:send_request_defer():609] handle sender defer: 2
2024-01-10 17:02:48,416 INFO    SenderThread:2626767 [sender.py:transition_state():613] send defer: 3
2024-01-10 17:02:48,416 DEBUG   SenderThread:2626767 [sender.py:send():380] send: stats
2024-01-10 17:02:48,416 DEBUG   HandlerThread:2626767 [handler.py:handle_request():146] handle_request: defer
2024-01-10 17:02:48,416 INFO    HandlerThread:2626767 [handler.py:handle_request_defer():172] handle defer: 3
2024-01-10 17:02:48,417 DEBUG   SenderThread:2626767 [sender.py:send_request():407] send_request: defer
2024-01-10 17:02:48,417 INFO    SenderThread:2626767 [sender.py:send_request_defer():609] handle sender defer: 3
2024-01-10 17:02:48,417 INFO    SenderThread:2626767 [sender.py:transition_state():613] send defer: 4
2024-01-10 17:02:48,417 DEBUG   HandlerThread:2626767 [handler.py:handle_request():146] handle_request: defer
2024-01-10 17:02:48,417 INFO    HandlerThread:2626767 [handler.py:handle_request_defer():172] handle defer: 4
2024-01-10 17:02:48,417 DEBUG   SenderThread:2626767 [sender.py:send_request():407] send_request: defer
2024-01-10 17:02:48,417 INFO    SenderThread:2626767 [sender.py:send_request_defer():609] handle sender defer: 4
2024-01-10 17:02:48,417 INFO    SenderThread:2626767 [sender.py:transition_state():613] send defer: 5
2024-01-10 17:02:48,417 DEBUG   HandlerThread:2626767 [handler.py:handle_request():146] handle_request: defer
2024-01-10 17:02:48,417 INFO    HandlerThread:2626767 [handler.py:handle_request_defer():172] handle defer: 5
2024-01-10 17:02:48,417 DEBUG   SenderThread:2626767 [sender.py:send():380] send: summary
2024-01-10 17:02:48,418 INFO    SenderThread:2626767 [sender.py:_save_file():1378] saving file wandb-summary.json with policy end
2024-01-10 17:02:48,418 DEBUG   SenderThread:2626767 [sender.py:send_request():407] send_request: defer
2024-01-10 17:02:48,418 INFO    SenderThread:2626767 [sender.py:send_request_defer():609] handle sender defer: 5
2024-01-10 17:02:48,418 INFO    SenderThread:2626767 [sender.py:transition_state():613] send defer: 6
2024-01-10 17:02:48,418 DEBUG   HandlerThread:2626767 [handler.py:handle_request():146] handle_request: defer
2024-01-10 17:02:48,418 INFO    HandlerThread:2626767 [handler.py:handle_request_defer():172] handle defer: 6
2024-01-10 17:02:48,418 DEBUG   SenderThread:2626767 [sender.py:send_request():407] send_request: defer
2024-01-10 17:02:48,418 INFO    SenderThread:2626767 [sender.py:send_request_defer():609] handle sender defer: 6
2024-01-10 17:02:48,422 DEBUG   HandlerThread:2626767 [handler.py:handle_request():146] handle_request: status_report
2024-01-10 17:02:48,748 INFO    Thread-12 :2626767 [dir_watcher.py:_on_file_modified():288] file/dir modified: /home/shangjian/code/Research/Multimodal & LLM/SLM/wandb/run-20240110_170012-waig1whn/files/wandb-summary.json
2024-01-10 17:02:48,748 INFO    Thread-12 :2626767 [dir_watcher.py:_on_file_modified():288] file/dir modified: /home/shangjian/code/Research/Multimodal & LLM/SLM/wandb/run-20240110_170012-waig1whn/files/output.log
2024-01-10 17:02:48,873 INFO    SenderThread:2626767 [sender.py:transition_state():613] send defer: 7
2024-01-10 17:02:48,874 DEBUG   HandlerThread:2626767 [handler.py:handle_request():146] handle_request: defer
2024-01-10 17:02:48,874 INFO    HandlerThread:2626767 [handler.py:handle_request_defer():172] handle defer: 7
2024-01-10 17:02:48,874 DEBUG   SenderThread:2626767 [sender.py:send_request():407] send_request: defer
2024-01-10 17:02:48,874 INFO    SenderThread:2626767 [sender.py:send_request_defer():609] handle sender defer: 7
2024-01-10 17:02:49,251 DEBUG   HandlerThread:2626767 [handler.py:handle_request():146] handle_request: poll_exit
2024-01-10 17:02:49,749 INFO    Thread-12 :2626767 [dir_watcher.py:_on_file_modified():288] file/dir modified: /home/shangjian/code/Research/Multimodal & LLM/SLM/wandb/run-20240110_170012-waig1whn/files/config.yaml
2024-01-10 17:02:49,749 INFO    Thread-12 :2626767 [dir_watcher.py:_on_file_modified():288] file/dir modified: /home/shangjian/code/Research/Multimodal & LLM/SLM/wandb/run-20240110_170012-waig1whn/files/output.log
2024-01-10 17:02:50,749 INFO    Thread-12 :2626767 [dir_watcher.py:_on_file_modified():288] file/dir modified: /home/shangjian/code/Research/Multimodal & LLM/SLM/wandb/run-20240110_170012-waig1whn/files/output.log
2024-01-10 17:02:51,434 INFO    SenderThread:2626767 [sender.py:transition_state():613] send defer: 8
2024-01-10 17:02:51,435 DEBUG   SenderThread:2626767 [sender.py:send_request():407] send_request: poll_exit
2024-01-10 17:02:51,435 DEBUG   HandlerThread:2626767 [handler.py:handle_request():146] handle_request: defer
2024-01-10 17:02:51,435 INFO    HandlerThread:2626767 [handler.py:handle_request_defer():172] handle defer: 8
2024-01-10 17:02:51,435 DEBUG   SenderThread:2626767 [sender.py:send_request():407] send_request: defer
2024-01-10 17:02:51,435 INFO    SenderThread:2626767 [sender.py:send_request_defer():609] handle sender defer: 8
2024-01-10 17:02:51,435 INFO    SenderThread:2626767 [job_builder.py:build():281] Attempting to build job artifact
2024-01-10 17:02:51,436 INFO    SenderThread:2626767 [job_builder.py:_get_source_type():404] no source found
2024-01-10 17:02:51,436 INFO    SenderThread:2626767 [sender.py:transition_state():613] send defer: 9
2024-01-10 17:02:51,436 DEBUG   HandlerThread:2626767 [handler.py:handle_request():146] handle_request: defer
2024-01-10 17:02:51,437 INFO    HandlerThread:2626767 [handler.py:handle_request_defer():172] handle defer: 9
2024-01-10 17:02:51,437 DEBUG   SenderThread:2626767 [sender.py:send_request():407] send_request: defer
2024-01-10 17:02:51,437 INFO    SenderThread:2626767 [sender.py:send_request_defer():609] handle sender defer: 9
2024-01-10 17:02:51,437 INFO    SenderThread:2626767 [dir_watcher.py:finish():358] shutting down directory watcher
2024-01-10 17:02:51,749 INFO    Thread-12 :2626767 [dir_watcher.py:_on_file_modified():288] file/dir modified: /home/shangjian/code/Research/Multimodal & LLM/SLM/wandb/run-20240110_170012-waig1whn/files/output.log
2024-01-10 17:02:51,750 INFO    SenderThread:2626767 [dir_watcher.py:finish():388] scan: /home/shangjian/code/Research/Multimodal & LLM/SLM/wandb/run-20240110_170012-waig1whn/files
2024-01-10 17:02:51,751 INFO    SenderThread:2626767 [dir_watcher.py:finish():402] scan save: /home/shangjian/code/Research/Multimodal & LLM/SLM/wandb/run-20240110_170012-waig1whn/files/wandb-summary.json wandb-summary.json
2024-01-10 17:02:51,751 INFO    SenderThread:2626767 [dir_watcher.py:finish():402] scan save: /home/shangjian/code/Research/Multimodal & LLM/SLM/wandb/run-20240110_170012-waig1whn/files/wandb-metadata.json wandb-metadata.json
2024-01-10 17:02:51,751 INFO    SenderThread:2626767 [dir_watcher.py:finish():402] scan save: /home/shangjian/code/Research/Multimodal & LLM/SLM/wandb/run-20240110_170012-waig1whn/files/requirements.txt requirements.txt
2024-01-10 17:02:51,751 INFO    SenderThread:2626767 [dir_watcher.py:finish():402] scan save: /home/shangjian/code/Research/Multimodal & LLM/SLM/wandb/run-20240110_170012-waig1whn/files/conda-environment.yaml conda-environment.yaml
2024-01-10 17:02:51,752 INFO    SenderThread:2626767 [dir_watcher.py:finish():402] scan save: /home/shangjian/code/Research/Multimodal & LLM/SLM/wandb/run-20240110_170012-waig1whn/files/output.log output.log
2024-01-10 17:02:51,752 INFO    SenderThread:2626767 [dir_watcher.py:finish():402] scan save: /home/shangjian/code/Research/Multimodal & LLM/SLM/wandb/run-20240110_170012-waig1whn/files/config.yaml config.yaml
2024-01-10 17:02:51,752 INFO    SenderThread:2626767 [sender.py:transition_state():613] send defer: 10
2024-01-10 17:02:51,752 DEBUG   HandlerThread:2626767 [handler.py:handle_request():146] handle_request: defer
2024-01-10 17:02:51,752 INFO    HandlerThread:2626767 [handler.py:handle_request_defer():172] handle defer: 10
2024-01-10 17:02:51,755 DEBUG   SenderThread:2626767 [sender.py:send_request():407] send_request: defer
2024-01-10 17:02:51,755 INFO    SenderThread:2626767 [sender.py:send_request_defer():609] handle sender defer: 10
2024-01-10 17:02:51,755 INFO    SenderThread:2626767 [file_pusher.py:finish():175] shutting down file pusher
2024-01-10 17:02:52,048 ERROR   wandb-upload_1:2626767 [internal_api.py:upload_file():2556] upload_file exception https://storage.googleapis.com/wandb-production.appspot.com/520/huggingface/waig1whn/requirements.txt?Expires=1704963771&GoogleAccessId=gorilla-files-url-signer-man%40wandb-production.iam.gserviceaccount.com&Signature=KvvWsJ9yAR6MtsT9RR2NX3bRzWu4rLZlY%2FuudhUDy9klEubT%2FXGEANJMqrSc3kwteB2qPqn8AhRk7IihuyES8efrcBFkp23iGzibJ%2F5ze6FHfT20OfFSlDC6x5j7okNr11IvHFS37C2v18bLwuc%2FX9MARIjg7%2BHlqos5ZMOT4LI2bRM4fj7rnY5CzXDQcsqbMvpZntup06COgBGNv9y0xAimLbpxbNt%2FazC5GhXmwz7J7yZzpqx9Ckf%2FKXxsDqeEdSp5Zvr8ML6Kw4Cwaf7KjNbOGGnHiCNDxQNrkTbE0AdM9a7b7dqsed9kphlzL5aAarV3e6SptbMe2Xv4uC6dFQ%3D%3D: ('Connection aborted.', ConnectionResetError(104, 'Connection reset by peer'))
2024-01-10 17:02:52,048 ERROR   wandb-upload_1:2626767 [internal_api.py:upload_file():2558] upload_file request headers: {'User-Agent': 'python-requests/2.31.0', 'Accept-Encoding': 'gzip, deflate', 'Accept': '*/*', 'Connection': 'keep-alive', 'Content-Length': '5737'}
2024-01-10 17:02:52,048 ERROR   wandb-upload_1:2626767 [internal_api.py:upload_file():2560] upload_file response body: 
2024-01-10 17:02:52,365 ERROR   wandb-upload_2:2626767 [internal_api.py:upload_file():2556] upload_file exception https://storage.googleapis.com/wandb-production.appspot.com/520/huggingface/waig1whn/conda-environment.yaml?Expires=1704963772&GoogleAccessId=gorilla-files-url-signer-man%40wandb-production.iam.gserviceaccount.com&Signature=mdOMAOGzpc1uj%2F0KTBFartmSJqXd20CD0TswLySQjKfm8bv773nfgDgHCQzi1SPOilg1KSUjSG4X2MnAFmOCi1hJxhlYlPrBwE0mvplFbO%2BEIIAJjTQZLHnyC6wcp6JFtuPzjObaO2yXnbkehY23UYF5ZUEdlvqJepIP3%2FZ3TLwFMWPafkSlP3xhwJz8As2tCSO695%2BUYRAm1XYO2FKV9Bcpje4QHNg04U7ZPulRHa5bYLijAL5wMNdPEHVdO5pb%2Bjn8GD10usIRQTiCiEpv%2FqMEAwBA4kBeRdzWhamz0Ca8LMQ%2FRXwzqnekPiPy7elvHJjpdlCy4RYO5Zk1wQkqrA%3D%3D: ('Connection aborted.', ConnectionResetError(104, 'Connection reset by peer'))
2024-01-10 17:02:52,365 ERROR   wandb-upload_2:2626767 [internal_api.py:upload_file():2558] upload_file request headers: {'User-Agent': 'python-requests/2.31.0', 'Accept-Encoding': 'gzip, deflate', 'Accept': '*/*', 'Connection': 'keep-alive', 'Content-Length': '260'}
2024-01-10 17:02:52,365 ERROR   wandb-upload_2:2626767 [internal_api.py:upload_file():2560] upload_file response body: 
2024-01-10 17:02:52,381 INFO    wandb-upload_0:2626767 [upload_job.py:push():131] Uploaded file /home/shangjian/code/Research/Multimodal & LLM/SLM/wandb/run-20240110_170012-waig1whn/files/wandb-summary.json
2024-01-10 17:02:52,429 ERROR   wandb-upload_4:2626767 [internal_api.py:upload_file():2556] upload_file exception https://storage.googleapis.com/wandb-production.appspot.com/520/huggingface/waig1whn/config.yaml?Expires=1704963772&GoogleAccessId=gorilla-files-url-signer-man%40wandb-production.iam.gserviceaccount.com&Signature=VJcCIL2AnWET3Xs15%2BvTdWqMNoSAAfOKDhBHi7HSxItKjzYfnzQxVG3dsNOqq14NT5K%2BhB5hWcuG66cWDiskxiQx8qCl%2FeC6vXHawIOTBw1MyvDxN80X7C1ffvr7JI2sLPWBKM4BMf%2Fswxtx%2BHd7hdSMz27Aksnboqtp9GjyxDNUs7GTE5hGANU5AxDIwMv4a%2BUufvtMIiq1X8w8YSkckjZtIK394Y%2FgaWaLhzxR58EAXZI197Xnf4DzrsA535dyAY7NDq%2BrWDeUH84lnzY%2Bct7QEWcZVKE03OU4BFGElS7ECoNhSHfRfVI7ste%2FnGasD5cwe5PqhT%2FWy1vxrPMdog%3D%3D: ('Connection aborted.', ConnectionResetError(104, 'Connection reset by peer'))
2024-01-10 17:02:52,429 ERROR   wandb-upload_4:2626767 [internal_api.py:upload_file():2558] upload_file request headers: {'User-Agent': 'python-requests/2.31.0', 'Accept-Encoding': 'gzip, deflate', 'Accept': '*/*', 'Connection': 'keep-alive', 'Content-Length': '10332'}
2024-01-10 17:02:52,429 ERROR   wandb-upload_4:2626767 [internal_api.py:upload_file():2560] upload_file response body: 
2024-01-10 17:02:52,681 INFO    wandb-upload_3:2626767 [upload_job.py:push():131] Uploaded file /home/shangjian/code/Research/Multimodal & LLM/SLM/wandb/run-20240110_170012-waig1whn/files/output.log
2024-01-10 17:02:53,517 ERROR   wandb-upload_4:2626767 [internal_api.py:upload_file():2556] upload_file exception https://storage.googleapis.com/wandb-production.appspot.com/520/huggingface/waig1whn/config.yaml?Expires=1704963772&GoogleAccessId=gorilla-files-url-signer-man%40wandb-production.iam.gserviceaccount.com&Signature=VJcCIL2AnWET3Xs15%2BvTdWqMNoSAAfOKDhBHi7HSxItKjzYfnzQxVG3dsNOqq14NT5K%2BhB5hWcuG66cWDiskxiQx8qCl%2FeC6vXHawIOTBw1MyvDxN80X7C1ffvr7JI2sLPWBKM4BMf%2Fswxtx%2BHd7hdSMz27Aksnboqtp9GjyxDNUs7GTE5hGANU5AxDIwMv4a%2BUufvtMIiq1X8w8YSkckjZtIK394Y%2FgaWaLhzxR58EAXZI197Xnf4DzrsA535dyAY7NDq%2BrWDeUH84lnzY%2Bct7QEWcZVKE03OU4BFGElS7ECoNhSHfRfVI7ste%2FnGasD5cwe5PqhT%2FWy1vxrPMdog%3D%3D: ('Connection aborted.', ConnectionResetError(104, 'Connection reset by peer'))
2024-01-10 17:02:53,517 ERROR   wandb-upload_4:2626767 [internal_api.py:upload_file():2558] upload_file request headers: {'User-Agent': 'python-requests/2.31.0', 'Accept-Encoding': 'gzip, deflate', 'Accept': '*/*', 'Connection': 'keep-alive', 'Content-Length': '10332'}
2024-01-10 17:02:53,517 ERROR   wandb-upload_4:2626767 [internal_api.py:upload_file():2560] upload_file response body: 
2024-01-10 17:02:53,526 ERROR   wandb-upload_2:2626767 [internal_api.py:upload_file():2556] upload_file exception https://storage.googleapis.com/wandb-production.appspot.com/520/huggingface/waig1whn/conda-environment.yaml?Expires=1704963772&GoogleAccessId=gorilla-files-url-signer-man%40wandb-production.iam.gserviceaccount.com&Signature=mdOMAOGzpc1uj%2F0KTBFartmSJqXd20CD0TswLySQjKfm8bv773nfgDgHCQzi1SPOilg1KSUjSG4X2MnAFmOCi1hJxhlYlPrBwE0mvplFbO%2BEIIAJjTQZLHnyC6wcp6JFtuPzjObaO2yXnbkehY23UYF5ZUEdlvqJepIP3%2FZ3TLwFMWPafkSlP3xhwJz8As2tCSO695%2BUYRAm1XYO2FKV9Bcpje4QHNg04U7ZPulRHa5bYLijAL5wMNdPEHVdO5pb%2Bjn8GD10usIRQTiCiEpv%2FqMEAwBA4kBeRdzWhamz0Ca8LMQ%2FRXwzqnekPiPy7elvHJjpdlCy4RYO5Zk1wQkqrA%3D%3D: ('Connection aborted.', ConnectionResetError(104, 'Connection reset by peer'))
2024-01-10 17:02:53,526 ERROR   wandb-upload_2:2626767 [internal_api.py:upload_file():2558] upload_file request headers: {'User-Agent': 'python-requests/2.31.0', 'Accept-Encoding': 'gzip, deflate', 'Accept': '*/*', 'Connection': 'keep-alive', 'Content-Length': '260'}
2024-01-10 17:02:53,526 ERROR   wandb-upload_2:2626767 [internal_api.py:upload_file():2560] upload_file response body: 
2024-01-10 17:02:53,550 INFO    wandb-upload_1:2626767 [upload_job.py:push():131] Uploaded file /home/shangjian/code/Research/Multimodal & LLM/SLM/wandb/run-20240110_170012-waig1whn/files/requirements.txt
2024-01-10 17:02:54,256 DEBUG   HandlerThread:2626767 [handler.py:handle_request():146] handle_request: keepalive
2024-01-10 17:02:55,674 ERROR   wandb-upload_4:2626767 [internal_api.py:upload_file():2556] upload_file exception https://storage.googleapis.com/wandb-production.appspot.com/520/huggingface/waig1whn/config.yaml?Expires=1704963772&GoogleAccessId=gorilla-files-url-signer-man%40wandb-production.iam.gserviceaccount.com&Signature=VJcCIL2AnWET3Xs15%2BvTdWqMNoSAAfOKDhBHi7HSxItKjzYfnzQxVG3dsNOqq14NT5K%2BhB5hWcuG66cWDiskxiQx8qCl%2FeC6vXHawIOTBw1MyvDxN80X7C1ffvr7JI2sLPWBKM4BMf%2Fswxtx%2BHd7hdSMz27Aksnboqtp9GjyxDNUs7GTE5hGANU5AxDIwMv4a%2BUufvtMIiq1X8w8YSkckjZtIK394Y%2FgaWaLhzxR58EAXZI197Xnf4DzrsA535dyAY7NDq%2BrWDeUH84lnzY%2Bct7QEWcZVKE03OU4BFGElS7ECoNhSHfRfVI7ste%2FnGasD5cwe5PqhT%2FWy1vxrPMdog%3D%3D: ('Connection aborted.', ConnectionResetError(104, 'Connection reset by peer'))
2024-01-10 17:02:55,674 ERROR   wandb-upload_4:2626767 [internal_api.py:upload_file():2558] upload_file request headers: {'User-Agent': 'python-requests/2.31.0', 'Accept-Encoding': 'gzip, deflate', 'Accept': '*/*', 'Connection': 'keep-alive', 'Content-Length': '10332'}
2024-01-10 17:02:55,674 ERROR   wandb-upload_4:2626767 [internal_api.py:upload_file():2560] upload_file response body: 
2024-01-10 17:02:55,894 INFO    wandb-upload_2:2626767 [upload_job.py:push():131] Uploaded file /home/shangjian/code/Research/Multimodal & LLM/SLM/wandb/run-20240110_170012-waig1whn/files/conda-environment.yaml
2024-01-10 17:02:56,756 DEBUG   HandlerThread:2626767 [handler.py:handle_request():146] handle_request: status_report
2024-01-10 17:02:59,257 DEBUG   HandlerThread:2626767 [handler.py:handle_request():146] handle_request: keepalive
2024-01-10 17:03:00,255 INFO    wandb-upload_4:2626767 [upload_job.py:push():131] Uploaded file /home/shangjian/code/Research/Multimodal & LLM/SLM/wandb/run-20240110_170012-waig1whn/files/config.yaml
2024-01-10 17:03:00,456 INFO    Thread-11 :2626767 [sender.py:transition_state():613] send defer: 11
2024-01-10 17:03:00,456 DEBUG   HandlerThread:2626767 [handler.py:handle_request():146] handle_request: defer
2024-01-10 17:03:00,456 INFO    HandlerThread:2626767 [handler.py:handle_request_defer():172] handle defer: 11
2024-01-10 17:03:00,456 DEBUG   SenderThread:2626767 [sender.py:send_request():407] send_request: defer
2024-01-10 17:03:00,456 INFO    SenderThread:2626767 [sender.py:send_request_defer():609] handle sender defer: 11
2024-01-10 17:03:00,456 INFO    SenderThread:2626767 [file_pusher.py:join():181] waiting for file pusher
2024-01-10 17:03:00,457 INFO    SenderThread:2626767 [sender.py:transition_state():613] send defer: 12
2024-01-10 17:03:00,457 DEBUG   HandlerThread:2626767 [handler.py:handle_request():146] handle_request: defer
2024-01-10 17:03:00,457 INFO    HandlerThread:2626767 [handler.py:handle_request_defer():172] handle defer: 12
2024-01-10 17:03:00,457 DEBUG   SenderThread:2626767 [sender.py:send_request():407] send_request: defer
2024-01-10 17:03:00,457 INFO    SenderThread:2626767 [sender.py:send_request_defer():609] handle sender defer: 12
2024-01-10 17:03:00,457 INFO    SenderThread:2626767 [file_stream.py:finish():595] file stream finish called
2024-01-10 17:03:00,862 INFO    SenderThread:2626767 [file_stream.py:finish():599] file stream finish is done
2024-01-10 17:03:00,862 INFO    SenderThread:2626767 [sender.py:transition_state():613] send defer: 13
2024-01-10 17:03:00,862 DEBUG   HandlerThread:2626767 [handler.py:handle_request():146] handle_request: defer
2024-01-10 17:03:00,862 INFO    HandlerThread:2626767 [handler.py:handle_request_defer():172] handle defer: 13
2024-01-10 17:03:00,862 DEBUG   SenderThread:2626767 [sender.py:send_request():407] send_request: defer
2024-01-10 17:03:00,862 INFO    SenderThread:2626767 [sender.py:send_request_defer():609] handle sender defer: 13
2024-01-10 17:03:00,863 INFO    SenderThread:2626767 [sender.py:transition_state():613] send defer: 14
2024-01-10 17:03:00,863 DEBUG   HandlerThread:2626767 [handler.py:handle_request():146] handle_request: defer
2024-01-10 17:03:00,863 INFO    HandlerThread:2626767 [handler.py:handle_request_defer():172] handle defer: 14
2024-01-10 17:03:00,863 DEBUG   SenderThread:2626767 [sender.py:send():380] send: final
2024-01-10 17:03:00,863 DEBUG   SenderThread:2626767 [sender.py:send():380] send: footer
2024-01-10 17:03:00,863 DEBUG   SenderThread:2626767 [sender.py:send_request():407] send_request: defer
2024-01-10 17:03:00,863 INFO    SenderThread:2626767 [sender.py:send_request_defer():609] handle sender defer: 14
2024-01-10 17:03:00,864 DEBUG   HandlerThread:2626767 [handler.py:handle_request():146] handle_request: poll_exit
2024-01-10 17:03:00,864 DEBUG   HandlerThread:2626767 [handler.py:handle_request():146] handle_request: server_info
2024-01-10 17:03:00,864 DEBUG   HandlerThread:2626767 [handler.py:handle_request():146] handle_request: get_summary
2024-01-10 17:03:00,864 DEBUG   HandlerThread:2626767 [handler.py:handle_request():146] handle_request: sampled_history
2024-01-10 17:03:00,864 DEBUG   HandlerThread:2626767 [handler.py:handle_request():146] handle_request: internal_messages
2024-01-10 17:03:00,864 DEBUG   SenderThread:2626767 [sender.py:send_request():407] send_request: poll_exit
2024-01-10 17:03:00,864 DEBUG   SenderThread:2626767 [sender.py:send_request():407] send_request: server_info
2024-01-10 17:03:00,866 DEBUG   HandlerThread:2626767 [handler.py:handle_request():146] handle_request: job_info
2024-01-10 17:03:01,095 DEBUG   SenderThread:2626767 [sender.py:send_request():407] send_request: job_info
2024-01-10 17:03:01,095 INFO    MainThread:2626767 [wandb_run.py:_footer_history_summary_info():3599] rendering history
2024-01-10 17:03:01,095 INFO    MainThread:2626767 [wandb_run.py:_footer_history_summary_info():3631] rendering summary
2024-01-10 17:03:01,095 INFO    MainThread:2626767 [wandb_run.py:_footer_sync_info():3558] logging synced files
2024-01-10 17:03:01,096 DEBUG   HandlerThread:2626767 [handler.py:handle_request():146] handle_request: shutdown
2024-01-10 17:03:01,096 INFO    HandlerThread:2626767 [handler.py:finish():866] shutting down handler
2024-01-10 17:03:01,867 INFO    WriterThread:2626767 [datastore.py:close():294] close: /home/shangjian/code/Research/Multimodal & LLM/SLM/wandb/run-20240110_170012-waig1whn/run-waig1whn.wandb
2024-01-10 17:03:02,095 INFO    SenderThread:2626767 [sender.py:finish():1534] shutting down sender
2024-01-10 17:03:02,095 INFO    SenderThread:2626767 [file_pusher.py:finish():175] shutting down file pusher
2024-01-10 17:03:02,095 INFO    SenderThread:2626767 [file_pusher.py:join():181] waiting for file pusher
